[0.008s] Invoking command in '/home/user1/ws01_plumbing/build/cpp01_topic': AMENT_PREFIX_PATH=/home/user1/ws01_plumbing/install/base_interfaces_demo:${AMENT_PREFIX_PATH} CMAKE_PREFIX_PATH=/home/user1/ws01_plumbing/install/base_interfaces_demo:/opt/ros/humble /usr/bin/cmake /home/user1/ws01_plumbing/src/cpp01_topic -DCMAKE_INSTALL_PREFIX=/home/user1/ws01_plumbing/install/cpp01_topic
[0.051s] -- The C compiler identification is GNU 11.4.0
[0.095s] -- The CXX compiler identification is GNU 11.4.0
[0.101s] -- Detecting C compiler ABI info
[0.160s] -- Detecting C compiler ABI info - done
[0.165s] -- Check for working C compiler: /usr/bin/cc - skipped
[0.165s] -- Detecting C compile features
[0.165s] -- Detecting C compile features - done
[0.168s] -- Detecting CXX compiler ABI info
[0.234s] -- Detecting CXX compiler ABI info - done
[0.240s] -- Check for working CXX compiler: /usr/bin/c++ - skipped
[0.240s] -- Detecting CXX compile features
[0.240s] -- Detecting CXX compile features - done
[0.242s] -- Found ament_cmake: 1.3.12 (/opt/ros/humble/share/ament_cmake/cmake)
[0.356s] -- Found Python3: /usr/bin/python3 (found version "3.10.12") found components: Interpreter 
[0.430s] -- Found rclcpp: 16.0.15 (/opt/ros/humble/share/rclcpp/cmake)
[0.479s] -- Found rosidl_generator_c: 3.1.7 (/opt/ros/humble/share/rosidl_generator_c/cmake)
[0.484s] -- Found rosidl_adapter: 3.1.7 (/opt/ros/humble/share/rosidl_adapter/cmake)
[0.494s] -- Found rosidl_generator_cpp: 3.1.7 (/opt/ros/humble/share/rosidl_generator_cpp/cmake)
[0.509s] -- Using all available rosidl_typesupport_c: rosidl_typesupport_fastrtps_c;rosidl_typesupport_introspection_c
[0.527s] -- Using all available rosidl_typesupport_cpp: rosidl_typesupport_fastrtps_cpp;rosidl_typesupport_introspection_cpp
[0.572s] -- Found rmw_implementation_cmake: 6.1.2 (/opt/ros/humble/share/rmw_implementation_cmake/cmake)
[0.574s] -- Found rmw_fastrtps_cpp: 6.2.8 (/opt/ros/humble/share/rmw_fastrtps_cpp/cmake)
[0.658s] -- Found OpenSSL: /usr/lib/x86_64-linux-gnu/libcrypto.so (found version "3.0.2")  
[0.681s] -- Found FastRTPS: /opt/ros/humble/include  
[0.715s] -- Using RMW implementation 'rmw_fastrtps_cpp' as default
[0.723s] -- Looking for pthread.h
[0.784s] -- Looking for pthread.h - found
[0.784s] -- Performing Test CMAKE_HAVE_LIBC_PTHREAD
[0.845s] -- Performing Test CMAKE_HAVE_LIBC_PTHREAD - Success
[0.846s] -- Found Threads: TRUE  
[0.905s] -- Found base_interfaces_demo: 0.0.0 (/home/user1/ws01_plumbing/install/base_interfaces_demo/share/base_interfaces_demo/cmake)
[0.906s] -- Found ament_lint_auto: 0.12.14 (/opt/ros/humble/share/ament_lint_auto/cmake)
[0.963s] -- Added test 'cppcheck' to perform static code analysis on C / C++ code
[0.963s] -- Configured cppcheck include dirs: $<BUILD_INTERFACE:/home/user1/ws01_plumbing/src/cpp01_topic/include>
[0.963s] -- Configured cppcheck exclude dirs and/or files: 
[0.963s] -- Added test 'lint_cmake' to check CMake code style
[0.964s] -- Added test 'uncrustify' to check C / C++ code style
[0.964s] -- Configured uncrustify additional arguments: 
[0.965s] -- Added test 'xmllint' to check XML markup files
[0.966s] -- Configuring done
[0.975s] -- Generating done
[0.977s] -- Build files have been written to: /home/user1/ws01_plumbing/build/cpp01_topic
[0.986s] Invoked command in '/home/user1/ws01_plumbing/build/cpp01_topic' returned '0': AMENT_PREFIX_PATH=/home/user1/ws01_plumbing/install/base_interfaces_demo:${AMENT_PREFIX_PATH} CMAKE_PREFIX_PATH=/home/user1/ws01_plumbing/install/base_interfaces_demo:/opt/ros/humble /usr/bin/cmake /home/user1/ws01_plumbing/src/cpp01_topic -DCMAKE_INSTALL_PREFIX=/home/user1/ws01_plumbing/install/cpp01_topic
[0.988s] Invoking command in '/home/user1/ws01_plumbing/build/cpp01_topic': AMENT_PREFIX_PATH=/home/user1/ws01_plumbing/install/base_interfaces_demo:${AMENT_PREFIX_PATH} CMAKE_PREFIX_PATH=/home/user1/ws01_plumbing/install/base_interfaces_demo:/opt/ros/humble /usr/bin/cmake --build /home/user1/ws01_plumbing/build/cpp01_topic -- -j12 -l12
[1.031s] [ 50%] [32mBuilding CXX object CMakeFiles/demo01_talker_str.dir/src/demo01_talker_str.cpp.o[0m
[2.812s] [01m[K/home/user1/ws01_plumbing/src/cpp01_topic/src/demo01_talker_str.cpp:[m[K In function ‘[01m[Kint main(int, char**)[m[K’:
[2.812s] [01m[K/home/user1/ws01_plumbing/src/cpp01_topic/src/demo01_talker_str.cpp:16:14:[m[K [01;35m[Kwarning: [m[Kunused parameter ‘[01m[Kargc[m[K’ [[01;35m[K]8;;https://gcc.gnu.org/onlinedocs/gcc/Warning-Options.html#index-Wunused-parameter-Wunused-parameter]8;;[m[K]
[2.813s]    16 | int main([01;35m[Kint argc[m[K, char ** argv)
[2.813s]       |          [01;35m[K~~~~^~~~[m[K
[2.813s] [01m[K/home/user1/ws01_plumbing/src/cpp01_topic/src/demo01_talker_str.cpp:16:28:[m[K [01;35m[Kwarning: [m[Kunused parameter ‘[01m[Kargv[m[K’ [[01;35m[K]8;;https://gcc.gnu.org/onlinedocs/gcc/Warning-Options.html#index-Wunused-parameter-Wunused-parameter]8;;[m[K]
[2.813s]    16 | int main(int argc, [01;35m[Kchar ** argv[m[K)
[2.813s]       |                    [01;35m[K~~~~~~~~^~~~[m[K
[3.161s] [100%] [32m[1mLinking CXX executable demo01_talker_str[0m
[3.276s] [100%] Built target demo01_talker_str
[3.286s] Invoked command in '/home/user1/ws01_plumbing/build/cpp01_topic' returned '0': AMENT_PREFIX_PATH=/home/user1/ws01_plumbing/install/base_interfaces_demo:${AMENT_PREFIX_PATH} CMAKE_PREFIX_PATH=/home/user1/ws01_plumbing/install/base_interfaces_demo:/opt/ros/humble /usr/bin/cmake --build /home/user1/ws01_plumbing/build/cpp01_topic -- -j12 -l12
[3.295s] Invoking command in '/home/user1/ws01_plumbing/build/cpp01_topic': AMENT_PREFIX_PATH=/home/user1/ws01_plumbing/install/base_interfaces_demo:${AMENT_PREFIX_PATH} CMAKE_PREFIX_PATH=/home/user1/ws01_plumbing/install/base_interfaces_demo:/opt/ros/humble /usr/bin/cmake --install /home/user1/ws01_plumbing/build/cpp01_topic
[3.301s] -- Install configuration: ""
[3.301s] -- Installing: /home/user1/ws01_plumbing/install/cpp01_topic/lib/cpp01_topic/demo01_talker_str
[3.301s] -- Set runtime path of "/home/user1/ws01_plumbing/install/cpp01_topic/lib/cpp01_topic/demo01_talker_str" to ""
[3.301s] -- Installing: /home/user1/ws01_plumbing/install/cpp01_topic/share/ament_index/resource_index/package_run_dependencies/cpp01_topic
[3.302s] -- Installing: /home/user1/ws01_plumbing/install/cpp01_topic/share/ament_index/resource_index/parent_prefix_path/cpp01_topic
[3.302s] -- Installing: /home/user1/ws01_plumbing/install/cpp01_topic/share/cpp01_topic/environment/ament_prefix_path.sh
[3.302s] -- Installing: /home/user1/ws01_plumbing/install/cpp01_topic/share/cpp01_topic/environment/ament_prefix_path.dsv
[3.302s] -- Installing: /home/user1/ws01_plumbing/install/cpp01_topic/share/cpp01_topic/environment/path.sh
[3.302s] -- Installing: /home/user1/ws01_plumbing/install/cpp01_topic/share/cpp01_topic/environment/path.dsv
[3.302s] -- Installing: /home/user1/ws01_plumbing/install/cpp01_topic/share/cpp01_topic/local_setup.bash
[3.302s] -- Installing: /home/user1/ws01_plumbing/install/cpp01_topic/share/cpp01_topic/local_setup.sh
[3.302s] -- Installing: /home/user1/ws01_plumbing/install/cpp01_topic/share/cpp01_topic/local_setup.zsh
[3.303s] -- Installing: /home/user1/ws01_plumbing/install/cpp01_topic/share/cpp01_topic/local_setup.dsv
[3.303s] -- Installing: /home/user1/ws01_plumbing/install/cpp01_topic/share/cpp01_topic/package.dsv
[3.303s] -- Installing: /home/user1/ws01_plumbing/install/cpp01_topic/share/ament_index/resource_index/packages/cpp01_topic
[3.303s] -- Installing: /home/user1/ws01_plumbing/install/cpp01_topic/share/cpp01_topic/cmake/cpp01_topicConfig.cmake
[3.303s] -- Installing: /home/user1/ws01_plumbing/install/cpp01_topic/share/cpp01_topic/cmake/cpp01_topicConfig-version.cmake
[3.303s] -- Installing: /home/user1/ws01_plumbing/install/cpp01_topic/share/cpp01_topic/package.xml
[3.305s] Invoked command in '/home/user1/ws01_plumbing/build/cpp01_topic' returned '0': AMENT_PREFIX_PATH=/home/user1/ws01_plumbing/install/base_interfaces_demo:${AMENT_PREFIX_PATH} CMAKE_PREFIX_PATH=/home/user1/ws01_plumbing/install/base_interfaces_demo:/opt/ros/humble /usr/bin/cmake --install /home/user1/ws01_plumbing/build/cpp01_topic
