[0.990s] Invoking command in '/home/user1/ws01_plumbing/src/py01_topic': CMAKE_PREFIX_PATH=/home/user1/ws01_plumbing/install/base_interfaces_demo:/home/user1/ws01_plumbing/install/cpp01_topic PYTHONPATH=/home/user1/ws01_plumbing/build/py01_topic/prefix_override:/usr/lib/python3/dist-packages/colcon_core/task/python/colcon_distutils_commands:/home/user1/ws01_plumbing/install/py01_topic/lib/python3.10/site-packages:${PYTHONPATH} /usr/bin/python3 -W ignore:setup.py install is deprecated -W ignore:easy_install command is deprecated setup.py egg_info --egg-base ../../build/py01_topic build --build-base /home/user1/ws01_plumbing/build/py01_topic/build install --record /home/user1/ws01_plumbing/build/py01_topic/install.log --single-version-externally-managed install_data
[1.374s] running egg_info
[1.375s] writing ../../build/py01_topic/py01_topic.egg-info/PKG-INFO
[1.376s] writing dependency_links to ../../build/py01_topic/py01_topic.egg-info/dependency_links.txt
[1.376s] writing entry points to ../../build/py01_topic/py01_topic.egg-info/entry_points.txt
[1.376s] writing requirements to ../../build/py01_topic/py01_topic.egg-info/requires.txt
[1.376s] writing top-level names to ../../build/py01_topic/py01_topic.egg-info/top_level.txt
[1.380s] reading manifest file '../../build/py01_topic/py01_topic.egg-info/SOURCES.txt'
[1.381s] writing manifest file '../../build/py01_topic/py01_topic.egg-info/SOURCES.txt'
[1.381s] running build
[1.381s] running build_py
[1.382s] running install
[1.382s] running install_lib
[1.384s] running install_data
[1.384s] running install_egg_info
[1.387s] removing '/home/user1/ws01_plumbing/install/py01_topic/lib/python3.10/site-packages/py01_topic-0.0.0-py3.10.egg-info' (and everything under it)
[1.388s] Copying ../../build/py01_topic/py01_topic.egg-info to /home/user1/ws01_plumbing/install/py01_topic/lib/python3.10/site-packages/py01_topic-0.0.0-py3.10.egg-info
[1.389s] running install_scripts
[1.422s] Installing demo01_talker_str script to /home/user1/ws01_plumbing/install/py01_topic/lib/py01_topic
[1.422s] writing list of installed files to '/home/user1/ws01_plumbing/build/py01_topic/install.log'
[1.462s] Invoked command in '/home/user1/ws01_plumbing/src/py01_topic' returned '0': CMAKE_PREFIX_PATH=/home/user1/ws01_plumbing/install/base_interfaces_demo:/home/user1/ws01_plumbing/install/cpp01_topic PYTHONPATH=/home/user1/ws01_plumbing/build/py01_topic/prefix_override:/usr/lib/python3/dist-packages/colcon_core/task/python/colcon_distutils_commands:/home/user1/ws01_plumbing/install/py01_topic/lib/python3.10/site-packages:${PYTHONPATH} /usr/bin/python3 -W ignore:setup.py install is deprecated -W ignore:easy_install command is deprecated setup.py egg_info --egg-base ../../build/py01_topic build --build-base /home/user1/ws01_plumbing/build/py01_topic/build install --record /home/user1/ws01_plumbing/build/py01_topic/install.log --single-version-externally-managed install_data
