[01m[K/home/user1/ws01_plumbing/src/cpp01_topic/src/demo01_talker_str.cpp:18:22:[m[K [01;31m[Kerror: [m[K‘[01m[Kchorono_literals[m[K’ is not a namespace-name
   18 | using namespace std::[01;31m[Kchorono_literals[m[K;
      |                      [01;31m[K^~~~~~~~~~~~~~~~[m[K
In file included from [01m[K/opt/ros/humble/include/rclcpp/rclcpp/client.hpp:40[m[K,
                 from [01m[K/opt/ros/humble/include/rclcpp/rclcpp/callback_group.hpp:24[m[K,
                 from [01m[K/opt/ros/humble/include/rclcpp/rclcpp/any_executable.hpp:20[m[K,
                 from [01m[K/opt/ros/humble/include/rclcpp/rclcpp/memory_strategy.hpp:25[m[K,
                 from [01m[K/opt/ros/humble/include/rclcpp/rclcpp/memory_strategies.hpp:18[m[K,
                 from [01m[K/opt/ros/humble/include/rclcpp/rclcpp/executor_options.hpp:20[m[K,
                 from [01m[K/opt/ros/humble/include/rclcpp/rclcpp/executor.hpp:37[m[K,
                 from [01m[K/opt/ros/humble/include/rclcpp/rclcpp/executors/multi_threaded_executor.hpp:25[m[K,
                 from [01m[K/opt/ros/humble/include/rclcpp/rclcpp/executors.hpp:21[m[K,
                 from [01m[K/opt/ros/humble/include/rclcpp/rclcpp/rclcpp.hpp:155[m[K,
                 from [01m[K/home/user1/ws01_plumbing/src/cpp01_topic/src/demo01_talker_str.cpp:15[m[K:
[01m[K/home/user1/ws01_plumbing/src/cpp01_topic/src/demo01_talker_str.cpp:49:5:[m[K [01;31m[Kerror: [m[Kexpected unqualified-id before ‘[01m[Kdo[m[K’
   49 |     [01;31m[KRCLCPP_INFO[m[K(this->get_logger(),"发布方发布的消息：%s",message.data.c_str());
      |     [01;31m[K^~~~~~~~~~~[m[K
[01m[K/home/user1/ws01_plumbing/src/cpp01_topic/src/demo01_talker_str.cpp:49:5:[m[K [01;31m[Kerror: [m[Kexpected unqualified-id before ‘[01m[Kwhile[m[K’
   49 |     [01;31m[KRCLCPP_INFO[m[K(this->get_logger(),"发布方发布的消息：%s",message.data.c_str());
      |     [01;31m[K^~~~~~~~~~~[m[K
In file included from [01m[K/opt/ros/humble/include/rclcpp/rclcpp/topic_statistics/subscription_topic_statistics.hpp:31[m[K,
                 from [01m[K/opt/ros/humble/include/rclcpp/rclcpp/subscription.hpp:50[m[K,
                 from [01m[K/opt/ros/humble/include/rclcpp/rclcpp/any_executable.hpp:25[m[K,
                 from [01m[K/opt/ros/humble/include/rclcpp/rclcpp/memory_strategy.hpp:25[m[K,
                 from [01m[K/opt/ros/humble/include/rclcpp/rclcpp/memory_strategies.hpp:18[m[K,
                 from [01m[K/opt/ros/humble/include/rclcpp/rclcpp/executor_options.hpp:20[m[K,
                 from [01m[K/opt/ros/humble/include/rclcpp/rclcpp/executor.hpp:37[m[K,
                 from [01m[K/opt/ros/humble/include/rclcpp/rclcpp/executors/multi_threaded_executor.hpp:25[m[K,
                 from [01m[K/opt/ros/humble/include/rclcpp/rclcpp/executors.hpp:21[m[K,
                 from [01m[K/opt/ros/humble/include/rclcpp/rclcpp/rclcpp.hpp:155[m[K,
                 from [01m[K/home/user1/ws01_plumbing/src/cpp01_topic/src/demo01_talker_str.cpp:15[m[K:
/opt/ros/humble/include/rclcpp/rclcpp/publisher.hpp: In instantiation of ‘[01m[Kclass rclcpp::Publisher<std::__cxx11::basic_string<char>, std::allocator<void> >[m[K’:
[01m[K/usr/include/c++/11/type_traits:1442:45:[m[K   required by substitution of ‘[01m[Ktemplate<class _From1, class _To1, class> static std::true_type std::__is_convertible_helper<rclcpp::Publisher<std::__cxx11::basic_string<char>, std::allocator<void> >*, rclcpp::Publisher<std_msgs::msg::String_<std::allocator<void> > >*, false>::__test<_From1, _To1, <template-parameter-1-3> >(int) [with _From1 = rclcpp::Publisher<std::__cxx11::basic_string<char>, std::allocator<void> >*; _To1 = rclcpp::Publisher<std_msgs::msg::String_<std::allocator<void> > >*; <template-parameter-1-3> = <missing>][m[K’
[01m[K/usr/include/c++/11/type_traits:1451:42:[m[K   required from ‘[01m[Kstruct std::__is_convertible_helper<rclcpp::Publisher<std::__cxx11::basic_string<char>, std::allocator<void> >*, rclcpp::Publisher<std_msgs::msg::String_<std::allocator<void> > >*, false>[m[K’
[01m[K/usr/include/c++/11/type_traits:1457:12:[m[K   required from ‘[01m[Kstruct std::is_convertible<rclcpp::Publisher<std::__cxx11::basic_string<char>, std::allocator<void> >*, rclcpp::Publisher<std_msgs::msg::String_<std::allocator<void> > >*>[m[K’
[01m[K/usr/include/c++/11/bits/shared_ptr_base.h:899:12:[m[K   required from ‘[01m[Kstruct std::__sp_compatible_with<rclcpp::Publisher<std::__cxx11::basic_string<char>, std::allocator<void> >*, rclcpp::Publisher<std_msgs::msg::String_<std::allocator<void> > >*>[m[K’
[01m[K/usr/include/c++/11/bits/shared_ptr_base.h:1066:8:[m[K   required by substitution of ‘[01m[Ktemplate<class _Tp, __gnu_cxx::_Lock_policy _Lp> template<class _Yp, class _Res> using _Compatible = typename std::enable_if<std::__sp_compatible_with<_Yp*, _Tp*>::value, _Res>::type [with _Yp = rclcpp::Publisher<std::__cxx11::basic_string<char>, std::allocator<void> >; _Res = void; _Tp = rclcpp::Publisher<std_msgs::msg::String_<std::allocator<void> > >; __gnu_cxx::_Lock_policy _Lp = __gnu_cxx::_S_atomic][m[K’
[01m[K/usr/include/c++/11/bits/shared_ptr_base.h:1156:30:[m[K   required by substitution of ‘[01m[Ktemplate<class _Yp, class> std::__shared_ptr<rclcpp::Publisher<std_msgs::msg::String_<std::allocator<void> > >, __gnu_cxx::_S_atomic>::__shared_ptr(const std::__shared_ptr<_Tp>&) [with _Yp = rclcpp::Publisher<std::__cxx11::basic_string<char>, std::allocator<void> >; <template-parameter-1-2> = <missing>][m[K’
[01m[K/usr/include/c++/11/type_traits:946:30:[m[K   required from ‘[01m[Kstruct std::__is_constructible_impl<std::__shared_ptr<rclcpp::Publisher<std_msgs::msg::String_<std::allocator<void> > >, __gnu_cxx::_S_atomic>, const std::shared_ptr<rclcpp::Publisher<std::__cxx11::basic_string<char, std::char_traits<char>, std::allocator<char> >, std::allocator<void> > >&>[m[K’
[01m[K/usr/include/c++/11/type_traits:952:12:[m[K   required from ‘[01m[Kstruct std::is_constructible<std::__shared_ptr<rclcpp::Publisher<std_msgs::msg::String_<std::allocator<void> > >, __gnu_cxx::_S_atomic>, const std::shared_ptr<rclcpp::Publisher<std::__cxx11::basic_string<char, std::char_traits<char>, std::allocator<char> >, std::allocator<void> > >&>[m[K’
[01m[K/usr/include/c++/11/bits/shared_ptr.h:125:8:[m[K   required by substitution of ‘[01m[Ktemplate<class _Tp> template<class ... _Args> using _Constructible = typename std::enable_if<std::is_constructible<std::__shared_ptr<_Tp>, _Args ...>::value>::type [with _Args = {const std::shared_ptr<rclcpp::Publisher<std::__cxx11::basic_string<char, std::char_traits<char>, std::allocator<char> >, std::allocator<void> > >&}; _Tp = rclcpp::Publisher<std_msgs::msg::String_<std::allocator<void> > >][m[K’
[01m[K/usr/include/c++/11/bits/shared_ptr.h:295:9:[m[K   required by substitution of ‘[01m[Ktemplate<class _Yp, class> std::shared_ptr<rclcpp::Publisher<std_msgs::msg::String_<std::allocator<void> > > >::shared_ptr(const std::shared_ptr<_Tp>&) [with _Yp = rclcpp::Publisher<std::__cxx11::basic_string<char>, std::allocator<void> >; <template-parameter-1-2> = <missing>][m[K’
[01m[K/home/user1/ws01_plumbing/src/cpp01_topic/src/demo01_talker_str.cpp:31:68:[m[K   required from here
[01m[K/opt/ros/humble/include/rclcpp/rclcpp/publisher.hpp:81:47:[m[K [01;31m[Kerror: [m[Kstatic assertion failed: given message type is not compatible with ROS and cannot be used with a Publisher
   81 |     rclcpp::is_ros_compatible_type<MessageT>::[01;31m[Kvalue[m[K,
      |                                               [01;31m[K^~~~~[m[K
[01m[K/opt/ros/humble/include/rclcpp/rclcpp/publisher.hpp:81:47:[m[K [01;36m[Knote: [m[K‘[01m[Krclcpp::is_ros_compatible_type<std::__cxx11::basic_string<char> >::value[m[K’ evaluates to false
[01m[K/home/user1/ws01_plumbing/src/cpp01_topic/src/demo01_talker_str.cpp:[m[K In constructor ‘[01m[KTalkerStr::TalkerStr()[m[K’:
[01m[K/home/user1/ws01_plumbing/src/cpp01_topic/src/demo01_talker_str.cpp:31:68:[m[K [01;31m[Kerror: [m[Kno match for ‘[01m[Koperator=[m[K’ (operand types are ‘[01m[Krclcpp::Publisher<std_msgs::msg::String_<std::allocator<void> > >::SharedPtr[m[K’ {aka ‘[01m[Kstd::shared_ptr<rclcpp::Publisher<std_msgs::msg::String_<std::allocator<void> > > >[m[K’} and ‘[01m[Kstd::shared_ptr<rclcpp::Publisher<std::__cxx11::basic_string<char>, std::allocator<void> > >[m[K’)
   31 |       publisher_ = this->create_publisher<std::string>("chatter",10[01;31m[K)[m[K;
      |                                                                    [01;31m[K^[m[K
In file included from [01m[K/usr/include/c++/11/memory:77[m[K,
                 from [01m[K/opt/ros/humble/include/rclcpp/rclcpp/rclcpp.hpp:153[m[K,
                 from [01m[K/home/user1/ws01_plumbing/src/cpp01_topic/src/demo01_talker_str.cpp:15[m[K:
[01m[K/usr/include/c++/11/bits/shared_ptr.h:363:9:[m[K [01;36m[Knote: [m[Kcandidate: ‘[01m[Ktemplate<class _Yp> std::shared_ptr<_Tp>::_Assignable<const std::shared_ptr<_Yp>&> std::shared_ptr<_Tp>::operator=(const std::shared_ptr<_Yp>&) [with _Yp = _Yp; _Tp = rclcpp::Publisher<std_msgs::msg::String_<std::allocator<void> > >][m[K’
  363 |         [01;36m[Koperator[m[K=(const shared_ptr<_Yp>& __r) noexcept
      |         [01;36m[K^~~~~~~~[m[K
[01m[K/usr/include/c++/11/bits/shared_ptr.h:363:9:[m[K [01;36m[Knote: [m[K  template argument deduction/substitution failed:
/usr/include/c++/11/bits/shared_ptr.h: In substitution of ‘[01m[Ktemplate<class _Tp> template<class _Arg> using _Assignable = typename std::enable_if<std::is_assignable<std::__shared_ptr<_Tp>&, _Arg>::value, std::shared_ptr<_Tp>&>::type [with _Arg = const std::shared_ptr<rclcpp::Publisher<std::__cxx11::basic_string<char>, std::allocator<void> > >&; _Tp = rclcpp::Publisher<std_msgs::msg::String_<std::allocator<void> > >][m[K’:
[01m[K/usr/include/c++/11/bits/shared_ptr.h:363:2:[m[K   required by substitution of ‘[01m[Ktemplate<class _Yp> std::shared_ptr<rclcpp::Publisher<std_msgs::msg::String_<std::allocator<void> > > >::_Assignable<const std::shared_ptr<_Tp>&> std::shared_ptr<rclcpp::Publisher<std_msgs::msg::String_<std::allocator<void> > > >::operator=<_Yp>(const std::shared_ptr<_Tp>&) [with _Yp = rclcpp::Publisher<std::__cxx11::basic_string<char>, std::allocator<void> >][m[K’
[01m[K/home/user1/ws01_plumbing/src/cpp01_topic/src/demo01_talker_str.cpp:31:68:[m[K   required from here
[01m[K/usr/include/c++/11/bits/shared_ptr.h:130:15:[m[K [01;31m[Kerror: [m[Kno type named ‘[01m[Ktype[m[K’ in ‘[01m[Kstruct std::enable_if<false, std::shared_ptr<rclcpp::Publisher<std_msgs::msg::String_<std::allocator<void> > > >&>[m[K’
  130 |         using [01;31m[K_Assignable[m[K = typename enable_if<
      |               [01;31m[K^~~~~~~~~~~[m[K
[01m[K/usr/include/c++/11/bits/shared_ptr.h:374:9:[m[K [01;36m[Knote: [m[Kcandidate: ‘[01m[Ktemplate<class _Yp> std::shared_ptr<_Tp>::_Assignable<std::auto_ptr<_Up> > std::shared_ptr<_Tp>::operator=(std::auto_ptr<_Up>&&) [with _Yp = _Yp; _Tp = rclcpp::Publisher<std_msgs::msg::String_<std::allocator<void> > >][m[K’
  374 |         [01;36m[Koperator[m[K=(auto_ptr<_Yp>&& __r)
      |         [01;36m[K^~~~~~~~[m[K
[01m[K/usr/include/c++/11/bits/shared_ptr.h:374:9:[m[K [01;36m[Knote: [m[K  template argument deduction/substitution failed:
[01m[K/home/user1/ws01_plumbing/src/cpp01_topic/src/demo01_talker_str.cpp:31:68:[m[K [01;36m[Knote: [m[K  ‘[01m[Kstd::shared_ptr<rclcpp::Publisher<std::__cxx11::basic_string<char>, std::allocator<void> > >[m[K’ is not derived from ‘[01m[Kstd::auto_ptr<_Up>[m[K’
   31 |       publisher_ = this->create_publisher<std::string>("chatter",10[01;36m[K)[m[K;
      |                                                                    [01;36m[K^[m[K
In file included from [01m[K/usr/include/c++/11/memory:77[m[K,
                 from [01m[K/opt/ros/humble/include/rclcpp/rclcpp/rclcpp.hpp:153[m[K,
                 from [01m[K/home/user1/ws01_plumbing/src/cpp01_topic/src/demo01_talker_str.cpp:15[m[K:
[01m[K/usr/include/c++/11/bits/shared_ptr.h:391:9:[m[K [01;36m[Knote: [m[Kcandidate: ‘[01m[Ktemplate<class _Yp> std::shared_ptr<_Tp>::_Assignable<std::shared_ptr<_Yp> > std::shared_ptr<_Tp>::operator=(std::shared_ptr<_Yp>&&) [with _Yp = _Yp; _Tp = rclcpp::Publisher<std_msgs::msg::String_<std::allocator<void> > >][m[K’
  391 |         [01;36m[Koperator[m[K=(shared_ptr<_Yp>&& __r) noexcept
      |         [01;36m[K^~~~~~~~[m[K
[01m[K/usr/include/c++/11/bits/shared_ptr.h:391:9:[m[K [01;36m[Knote: [m[K  template argument deduction/substitution failed:
/usr/include/c++/11/bits/shared_ptr.h: In substitution of ‘[01m[Ktemplate<class _Tp> template<class _Arg> using _Assignable = typename std::enable_if<std::is_assignable<std::__shared_ptr<_Tp>&, _Arg>::value, std::shared_ptr<_Tp>&>::type [with _Arg = std::shared_ptr<rclcpp::Publisher<std::__cxx11::basic_string<char>, std::allocator<void> > >; _Tp = rclcpp::Publisher<std_msgs::msg::String_<std::allocator<void> > >][m[K’:
[01m[K/usr/include/c++/11/bits/shared_ptr.h:391:2:[m[K   required by substitution of ‘[01m[Ktemplate<class _Yp> std::shared_ptr<rclcpp::Publisher<std_msgs::msg::String_<std::allocator<void> > > >::_Assignable<std::shared_ptr<_Tp> > std::shared_ptr<rclcpp::Publisher<std_msgs::msg::String_<std::allocator<void> > > >::operator=<_Yp>(std::shared_ptr<_Tp>&&) [with _Yp = rclcpp::Publisher<std::__cxx11::basic_string<char>, std::allocator<void> >][m[K’
[01m[K/home/user1/ws01_plumbing/src/cpp01_topic/src/demo01_talker_str.cpp:31:68:[m[K   required from here
[01m[K/usr/include/c++/11/bits/shared_ptr.h:130:15:[m[K [01;31m[Kerror: [m[Kno type named ‘[01m[Ktype[m[K’ in ‘[01m[Kstruct std::enable_if<false, std::shared_ptr<rclcpp::Publisher<std_msgs::msg::String_<std::allocator<void> > > >&>[m[K’
  130 |         using [01;31m[K_Assignable[m[K = typename enable_if<
      |               [01;31m[K^~~~~~~~~~~[m[K
[01m[K/usr/include/c++/11/bits/shared_ptr.h:399:9:[m[K [01;36m[Knote: [m[Kcandidate: ‘[01m[Ktemplate<class _Yp, class _Del> std::shared_ptr<_Tp>::_Assignable<std::unique_ptr<_Up, _Ep> > std::shared_ptr<_Tp>::operator=(std::unique_ptr<_Up, _Ep>&&) [with _Yp = _Yp; _Del = _Del; _Tp = rclcpp::Publisher<std_msgs::msg::String_<std::allocator<void> > >][m[K’
  399 |         [01;36m[Koperator[m[K=(unique_ptr<_Yp, _Del>&& __r)
      |         [01;36m[K^~~~~~~~[m[K
[01m[K/usr/include/c++/11/bits/shared_ptr.h:399:9:[m[K [01;36m[Knote: [m[K  template argument deduction/substitution failed:
[01m[K/home/user1/ws01_plumbing/src/cpp01_topic/src/demo01_talker_str.cpp:31:68:[m[K [01;36m[Knote: [m[K  ‘[01m[Kstd::shared_ptr<rclcpp::Publisher<std::__cxx11::basic_string<char>, std::allocator<void> > >[m[K’ is not derived from ‘[01m[Kstd::unique_ptr<_Tp, _Dp>[m[K’
   31 |       publisher_ = this->create_publisher<std::string>("chatter",10[01;36m[K)[m[K;
      |                                                                    [01;36m[K^[m[K
In file included from [01m[K/usr/include/c++/11/memory:77[m[K,
                 from [01m[K/opt/ros/humble/include/rclcpp/rclcpp/rclcpp.hpp:153[m[K,
                 from [01m[K/home/user1/ws01_plumbing/src/cpp01_topic/src/demo01_talker_str.cpp:15[m[K:
[01m[K/usr/include/c++/11/bits/shared_ptr.h:359:19:[m[K [01;36m[Knote: [m[Kcandidate: ‘[01m[Kstd::shared_ptr<_Tp>& std::shared_ptr<_Tp>::operator=(const std::shared_ptr<_Tp>&) [with _Tp = rclcpp::Publisher<std_msgs::msg::String_<std::allocator<void> > >][m[K’
  359 |       shared_ptr& [01;36m[Koperator[m[K=(const shared_ptr&) noexcept = default;
      |                   [01;36m[K^~~~~~~~[m[K
[01m[K/usr/include/c++/11/bits/shared_ptr.h:359:29:[m[K [01;36m[Knote: [m[K  no known conversion for argument 1 from ‘[01m[Kstd::shared_ptr<rclcpp::Publisher<std::__cxx11::basic_string<char>, std::allocator<void> > >[m[K’ to ‘[01m[Kconst std::shared_ptr<rclcpp::Publisher<std_msgs::msg::String_<std::allocator<void> > > >&[m[K’
  359 |       shared_ptr& operator=([01;36m[Kconst shared_ptr&[m[K) noexcept = default;
      |                             [01;36m[K^~~~~~~~~~~~~~~~~[m[K
[01m[K/usr/include/c++/11/bits/shared_ptr.h:383:7:[m[K [01;36m[Knote: [m[Kcandidate: ‘[01m[Kstd::shared_ptr<_Tp>& std::shared_ptr<_Tp>::operator=(std::shared_ptr<_Tp>&&) [with _Tp = rclcpp::Publisher<std_msgs::msg::String_<std::allocator<void> > >][m[K’
  383 |       [01;36m[Koperator[m[K=(shared_ptr&& __r) noexcept
      |       [01;36m[K^~~~~~~~[m[K
[01m[K/usr/include/c++/11/bits/shared_ptr.h:383:30:[m[K [01;36m[Knote: [m[K  no known conversion for argument 1 from ‘[01m[Kstd::shared_ptr<rclcpp::Publisher<std::__cxx11::basic_string<char>, std::allocator<void> > >[m[K’ to ‘[01m[Kstd::shared_ptr<rclcpp::Publisher<std_msgs::msg::String_<std::allocator<void> > > >&&[m[K’
  383 |       operator=([01;36m[Kshared_ptr&& __r[m[K) noexcept
      |                 [01;36m[K~~~~~~~~~~~~~^~~[m[K
[01m[K/home/user1/ws01_plumbing/src/cpp01_topic/src/demo01_talker_str.cpp:38:40:[m[K [01;31m[Kerror: [m[Kunable to find numeric literal operator ‘[01m[Koperator""s[m[K’
   38 |       timer_ = this->create_wall_timer([01;31m[K1s[m[K,std::bind(&TalkerStr::on_timer,this));
      |                                        [01;31m[K^~[m[K
gmake[2]: *** [CMakeFiles/demo01_talker_str.dir/build.make:76：CMakeFiles/demo01_talker_str.dir/src/demo01_talker_str.cpp.o] 错误 1
gmake[1]: *** [CMakeFiles/Makefile2:137：CMakeFiles/demo01_talker_str.dir/all] 错误 2
gmake: *** [Makefile:146：all] 错误 2
