[0.021s] Invoking command in '/home/user1/ws01_plumbing/build/cpp01_topic': CMAKE_PREFIX_PATH=/home/user1/ws01_plumbing/install/base_interfaces_demo:/home/user1/ws01_plumbing/install/cpp01_topic:/home/user1/ws01_plumbing/install/py01_topic:/opt/ros/humble /usr/bin/cmake --build /home/user1/ws01_plumbing/build/cpp01_topic -- -j12 -l12
[0.097s] [35m[1mConsolidate compiler generated dependencies of target demo02_listener_str[0m
[0.123s] [ 50%] Built target demo01_talker_str
[0.134s] [ 75%] [32mBuilding CXX object CMakeFiles/demo02_listener_str.dir/src/demo02_listener_str.cpp.o[0m
[13.311s] [100%] [32m[1mLinking CXX executable demo02_listener_str[0m
[13.893s] [100%] Built target demo02_listener_str
[13.916s] Invoked command in '/home/user1/ws01_plumbing/build/cpp01_topic' returned '0': CMAKE_PREFIX_PATH=/home/user1/ws01_plumbing/install/base_interfaces_demo:/home/user1/ws01_plumbing/install/cpp01_topic:/home/user1/ws01_plumbing/install/py01_topic:/opt/ros/humble /usr/bin/cmake --build /home/user1/ws01_plumbing/build/cpp01_topic -- -j12 -l12
[13.937s] Invoking command in '/home/user1/ws01_plumbing/build/cpp01_topic': CMAKE_PREFIX_PATH=/home/user1/ws01_plumbing/install/base_interfaces_demo:/home/user1/ws01_plumbing/install/cpp01_topic:/home/user1/ws01_plumbing/install/py01_topic:/opt/ros/humble /usr/bin/cmake --install /home/user1/ws01_plumbing/build/cpp01_topic
[13.951s] -- Install configuration: ""
[13.951s] -- Up-to-date: /home/user1/ws01_plumbing/install/cpp01_topic/lib/cpp01_topic/demo01_talker_str
[13.952s] -- Installing: /home/user1/ws01_plumbing/install/cpp01_topic/lib/cpp01_topic/demo02_listener_str
[13.960s] -- Set runtime path of "/home/user1/ws01_plumbing/install/cpp01_topic/lib/cpp01_topic/demo02_listener_str" to ""
[13.961s] -- Up-to-date: /home/user1/ws01_plumbing/install/cpp01_topic/share/ament_index/resource_index/package_run_dependencies/cpp01_topic
[13.961s] -- Up-to-date: /home/user1/ws01_plumbing/install/cpp01_topic/share/ament_index/resource_index/parent_prefix_path/cpp01_topic
[13.962s] -- Up-to-date: /home/user1/ws01_plumbing/install/cpp01_topic/share/cpp01_topic/environment/ament_prefix_path.sh
[13.962s] -- Up-to-date: /home/user1/ws01_plumbing/install/cpp01_topic/share/cpp01_topic/environment/ament_prefix_path.dsv
[13.962s] -- Up-to-date: /home/user1/ws01_plumbing/install/cpp01_topic/share/cpp01_topic/environment/path.sh
[13.962s] -- Up-to-date: /home/user1/ws01_plumbing/install/cpp01_topic/share/cpp01_topic/environment/path.dsv
[13.962s] -- Up-to-date: /home/user1/ws01_plumbing/install/cpp01_topic/share/cpp01_topic/local_setup.bash
[13.963s] -- Up-to-date: /home/user1/ws01_plumbing/install/cpp01_topic/share/cpp01_topic/local_setup.sh
[13.963s] -- Up-to-date: /home/user1/ws01_plumbing/install/cpp01_topic/share/cpp01_topic/local_setup.zsh
[13.963s] -- Up-to-date: /home/user1/ws01_plumbing/install/cpp01_topic/share/cpp01_topic/local_setup.dsv
[13.963s] -- Installing: /home/user1/ws01_plumbing/install/cpp01_topic/share/cpp01_topic/package.dsv
[13.963s] -- Up-to-date: /home/user1/ws01_plumbing/install/cpp01_topic/share/ament_index/resource_index/packages/cpp01_topic
[13.963s] -- Up-to-date: /home/user1/ws01_plumbing/install/cpp01_topic/share/cpp01_topic/cmake/cpp01_topicConfig.cmake
[13.964s] -- Up-to-date: /home/user1/ws01_plumbing/install/cpp01_topic/share/cpp01_topic/cmake/cpp01_topicConfig-version.cmake
[13.964s] -- Up-to-date: /home/user1/ws01_plumbing/install/cpp01_topic/share/cpp01_topic/package.xml
[13.966s] Invoked command in '/home/user1/ws01_plumbing/build/cpp01_topic' returned '0': CMAKE_PREFIX_PATH=/home/user1/ws01_plumbing/install/base_interfaces_demo:/home/user1/ws01_plumbing/install/cpp01_topic:/home/user1/ws01_plumbing/install/py01_topic:/opt/ros/humble /usr/bin/cmake --install /home/user1/ws01_plumbing/build/cpp01_topic
