[0.479s] Invoking command in '/home/user1/ws01_plumbing/src/py01_topic': AMENT_PREFIX_PATH=/home/user1/ws01_plumbing/install/base_interfaces_demo:${AMENT_PREFIX_PATH} CMAKE_PREFIX_PATH=/home/user1/ws01_plumbing/install/base_interfaces_demo PYTHONPATH=/home/user1/ws01_plumbing/build/py01_topic/prefix_override:/usr/lib/python3/dist-packages/colcon_core/task/python/colcon_distutils_commands:/home/user1/ws01_plumbing/install/py01_topic/lib/python3.10/site-packages:${PYTHONPATH} /usr/bin/python3 -W ignore:setup.py install is deprecated -W ignore:easy_install command is deprecated setup.py egg_info --egg-base ../../build/py01_topic build --build-base /home/user1/ws01_plumbing/build/py01_topic/build install --record /home/user1/ws01_plumbing/build/py01_topic/install.log --single-version-externally-managed install_data
[0.704s] running egg_info
[0.705s] creating ../../build/py01_topic/py01_topic.egg-info
[0.706s] writing ../../build/py01_topic/py01_topic.egg-info/PKG-INFO
[0.706s] writing dependency_links to ../../build/py01_topic/py01_topic.egg-info/dependency_links.txt
[0.706s] writing entry points to ../../build/py01_topic/py01_topic.egg-info/entry_points.txt
[0.706s] writing requirements to ../../build/py01_topic/py01_topic.egg-info/requires.txt
[0.706s] writing top-level names to ../../build/py01_topic/py01_topic.egg-info/top_level.txt
[0.707s] writing manifest file '../../build/py01_topic/py01_topic.egg-info/SOURCES.txt'
[0.708s] reading manifest file '../../build/py01_topic/py01_topic.egg-info/SOURCES.txt'
[0.709s] writing manifest file '../../build/py01_topic/py01_topic.egg-info/SOURCES.txt'
[0.709s] running build
[0.709s] running build_py
[0.709s] creating /home/user1/ws01_plumbing/build/py01_topic/build
[0.709s] creating /home/user1/ws01_plumbing/build/py01_topic/build/lib
[0.710s] creating /home/user1/ws01_plumbing/build/py01_topic/build/lib/py01_topic
[0.710s] copying py01_topic/demo01_talker_str.py -> /home/user1/ws01_plumbing/build/py01_topic/build/lib/py01_topic
[0.710s] copying py01_topic/__init__.py -> /home/user1/ws01_plumbing/build/py01_topic/build/lib/py01_topic
[0.710s] running install
[0.710s] running install_lib
[0.711s] creating /home/user1/ws01_plumbing/install/py01_topic/lib/python3.10/site-packages/py01_topic
[0.711s] copying /home/user1/ws01_plumbing/build/py01_topic/build/lib/py01_topic/demo01_talker_str.py -> /home/user1/ws01_plumbing/install/py01_topic/lib/python3.10/site-packages/py01_topic
[0.711s] copying /home/user1/ws01_plumbing/build/py01_topic/build/lib/py01_topic/__init__.py -> /home/user1/ws01_plumbing/install/py01_topic/lib/python3.10/site-packages/py01_topic
[0.711s] byte-compiling /home/user1/ws01_plumbing/install/py01_topic/lib/python3.10/site-packages/py01_topic/demo01_talker_str.py to demo01_talker_str.cpython-310.pyc
[0.712s] byte-compiling /home/user1/ws01_plumbing/install/py01_topic/lib/python3.10/site-packages/py01_topic/__init__.py to __init__.cpython-310.pyc
[0.712s] running install_data
[0.712s] creating /home/user1/ws01_plumbing/install/py01_topic/share/ament_index
[0.712s] creating /home/user1/ws01_plumbing/install/py01_topic/share/ament_index/resource_index
[0.713s] creating /home/user1/ws01_plumbing/install/py01_topic/share/ament_index/resource_index/packages
[0.713s] copying resource/py01_topic -> /home/user1/ws01_plumbing/install/py01_topic/share/ament_index/resource_index/packages
[0.713s] copying package.xml -> /home/user1/ws01_plumbing/install/py01_topic/share/py01_topic
[0.713s] running install_egg_info
[0.715s] Copying ../../build/py01_topic/py01_topic.egg-info to /home/user1/ws01_plumbing/install/py01_topic/lib/python3.10/site-packages/py01_topic-0.0.0-py3.10.egg-info
[0.716s] running install_scripts
[0.740s] Installing demo01_talker_str script to /home/user1/ws01_plumbing/install/py01_topic/lib/py01_topic
[0.740s] writing list of installed files to '/home/user1/ws01_plumbing/build/py01_topic/install.log'
[0.778s] Invoked command in '/home/user1/ws01_plumbing/src/py01_topic' returned '0': AMENT_PREFIX_PATH=/home/user1/ws01_plumbing/install/base_interfaces_demo:${AMENT_PREFIX_PATH} CMAKE_PREFIX_PATH=/home/user1/ws01_plumbing/install/base_interfaces_demo PYTHONPATH=/home/user1/ws01_plumbing/build/py01_topic/prefix_override:/usr/lib/python3/dist-packages/colcon_core/task/python/colcon_distutils_commands:/home/user1/ws01_plumbing/install/py01_topic/lib/python3.10/site-packages:${PYTHONPATH} /usr/bin/python3 -W ignore:setup.py install is deprecated -W ignore:easy_install command is deprecated setup.py egg_info --egg-base ../../build/py01_topic build --build-base /home/user1/ws01_plumbing/build/py01_topic/build install --record /home/user1/ws01_plumbing/build/py01_topic/install.log --single-version-externally-managed install_data
