[0.452s] Invoking command in '/home/user1/ws01_plumbing/src/py01_topic': AMENT_PREFIX_PATH=/home/user1/ws01_plumbing/install/base_interfaces_demo:${AMENT_PREFIX_PATH} CMAKE_PREFIX_PATH=/home/user1/ws01_plumbing/install/base_interfaces_demo PYTHONPATH=/home/user1/ws01_plumbing/build/py01_topic/prefix_override:/usr/lib/python3/dist-packages/colcon_core/task/python/colcon_distutils_commands:/home/user1/ws01_plumbing/install/py01_topic/lib/python3.10/site-packages:${PYTHONPATH} /usr/bin/python3 -W ignore:setup.py install is deprecated -W ignore:easy_install command is deprecated setup.py egg_info --egg-base ../../build/py01_topic build --build-base /home/user1/ws01_plumbing/build/py01_topic/build install --record /home/user1/ws01_plumbing/build/py01_topic/install.log --single-version-externally-managed install_data
[0.625s] running egg_info
[0.625s] writing ../../build/py01_topic/py01_topic.egg-info/PKG-INFO
[0.626s] writing dependency_links to ../../build/py01_topic/py01_topic.egg-info/dependency_links.txt
[0.626s] writing entry points to ../../build/py01_topic/py01_topic.egg-info/entry_points.txt
[0.626s] writing requirements to ../../build/py01_topic/py01_topic.egg-info/requires.txt
[0.626s] writing top-level names to ../../build/py01_topic/py01_topic.egg-info/top_level.txt
[0.627s] reading manifest file '../../build/py01_topic/py01_topic.egg-info/SOURCES.txt'
[0.628s] writing manifest file '../../build/py01_topic/py01_topic.egg-info/SOURCES.txt'
[0.628s] running build
[0.628s] running build_py
[0.628s] running install
[0.628s] running install_lib
[0.629s] running install_data
[0.629s] running install_egg_info
[0.630s] removing '/home/user1/ws01_plumbing/install/py01_topic/lib/python3.10/site-packages/py01_topic-0.0.0-py3.10.egg-info' (and everything under it)
[0.631s] Copying ../../build/py01_topic/py01_topic.egg-info to /home/user1/ws01_plumbing/install/py01_topic/lib/python3.10/site-packages/py01_topic-0.0.0-py3.10.egg-info
[0.631s] running install_scripts
[0.647s] Installing demo01_talker_str script to /home/user1/ws01_plumbing/install/py01_topic/lib/py01_topic
[0.648s] writing list of installed files to '/home/user1/ws01_plumbing/build/py01_topic/install.log'
[0.674s] Invoked command in '/home/user1/ws01_plumbing/src/py01_topic' returned '0': AMENT_PREFIX_PATH=/home/user1/ws01_plumbing/install/base_interfaces_demo:${AMENT_PREFIX_PATH} CMAKE_PREFIX_PATH=/home/user1/ws01_plumbing/install/base_interfaces_demo PYTHONPATH=/home/user1/ws01_plumbing/build/py01_topic/prefix_override:/usr/lib/python3/dist-packages/colcon_core/task/python/colcon_distutils_commands:/home/user1/ws01_plumbing/install/py01_topic/lib/python3.10/site-packages:${PYTHONPATH} /usr/bin/python3 -W ignore:setup.py install is deprecated -W ignore:easy_install command is deprecated setup.py egg_info --egg-base ../../build/py01_topic build --build-base /home/user1/ws01_plumbing/build/py01_topic/build install --record /home/user1/ws01_plumbing/build/py01_topic/install.log --single-version-externally-managed install_data
