[0.009s] Invoking command in '/home/user1/ws01_plumbing/build/cpp01_topic': AMENT_PREFIX_PATH=/home/user1/ws01_plumbing/install/base_interfaces_demo:${AMENT_PREFIX_PATH} CMAKE_PREFIX_PATH=/home/user1/ws01_plumbing/install/base_interfaces_demo:/opt/ros/humble /usr/bin/cmake /home/user1/ws01_plumbing/src/cpp01_topic -DCMAKE_EXPORT_COMPILE_COMMANDS=ON -DCMAKE_INSTALL_PREFIX=/home/user1/ws01_plumbing/install/cpp01_topic
[0.018s] -- Found ament_cmake: 1.3.12 (/opt/ros/humble/share/ament_cmake/cmake)
[0.112s] -- Found rclcpp: 16.0.15 (/opt/ros/humble/share/rclcpp/cmake)
[0.132s] -- Found rosidl_generator_c: 3.1.7 (/opt/ros/humble/share/rosidl_generator_c/cmake)
[0.134s] -- Found rosidl_adapter: 3.1.7 (/opt/ros/humble/share/rosidl_adapter/cmake)
[0.138s] -- Found rosidl_generator_cpp: 3.1.7 (/opt/ros/humble/share/rosidl_generator_cpp/cmake)
[0.145s] -- Using all available rosidl_typesupport_c: rosidl_typesupport_fastrtps_c;rosidl_typesupport_introspection_c
[0.153s] -- Using all available rosidl_typesupport_cpp: rosidl_typesupport_fastrtps_cpp;rosidl_typesupport_introspection_cpp
[0.176s] -- Found rmw_implementation_cmake: 6.1.2 (/opt/ros/humble/share/rmw_implementation_cmake/cmake)
[0.177s] -- Found rmw_fastrtps_cpp: 6.2.8 (/opt/ros/humble/share/rmw_fastrtps_cpp/cmake)
[0.258s] -- Using RMW implementation 'rmw_fastrtps_cpp' as default
[0.292s] -- Found base_interfaces_demo: 0.0.0 (/home/user1/ws01_plumbing/install/base_interfaces_demo/share/base_interfaces_demo/cmake)
[0.293s] -- Found ament_lint_auto: 0.12.14 (/opt/ros/humble/share/ament_lint_auto/cmake)
[0.345s] -- Added test 'cppcheck' to perform static code analysis on C / C++ code
[0.345s] -- Configured cppcheck include dirs: $<BUILD_INTERFACE:/home/user1/ws01_plumbing/src/cpp01_topic/include>
[0.345s] -- Configured cppcheck exclude dirs and/or files: 
[0.345s] -- Added test 'lint_cmake' to check CMake code style
[0.346s] -- Added test 'uncrustify' to check C / C++ code style
[0.346s] -- Configured uncrustify additional arguments: 
[0.346s] -- Added test 'xmllint' to check XML markup files
[0.347s] -- Configuring done
[0.354s] -- Generating done
[0.357s] -- Build files have been written to: /home/user1/ws01_plumbing/build/cpp01_topic
[0.363s] Invoked command in '/home/user1/ws01_plumbing/build/cpp01_topic' returned '0': AMENT_PREFIX_PATH=/home/user1/ws01_plumbing/install/base_interfaces_demo:${AMENT_PREFIX_PATH} CMAKE_PREFIX_PATH=/home/user1/ws01_plumbing/install/base_interfaces_demo:/opt/ros/humble /usr/bin/cmake /home/user1/ws01_plumbing/src/cpp01_topic -DCMAKE_EXPORT_COMPILE_COMMANDS=ON -DCMAKE_INSTALL_PREFIX=/home/user1/ws01_plumbing/install/cpp01_topic
[0.365s] Invoking command in '/home/user1/ws01_plumbing/build/cpp01_topic': AMENT_PREFIX_PATH=/home/user1/ws01_plumbing/install/base_interfaces_demo:${AMENT_PREFIX_PATH} CMAKE_PREFIX_PATH=/home/user1/ws01_plumbing/install/base_interfaces_demo:/opt/ros/humble /usr/bin/cmake --build /home/user1/ws01_plumbing/build/cpp01_topic -- -j12 -l12
[0.399s] [35m[1mConsolidate compiler generated dependencies of target demo01_talker_str[0m
[0.415s] [100%] Built target demo01_talker_str
[0.426s] Invoked command in '/home/user1/ws01_plumbing/build/cpp01_topic' returned '0': AMENT_PREFIX_PATH=/home/user1/ws01_plumbing/install/base_interfaces_demo:${AMENT_PREFIX_PATH} CMAKE_PREFIX_PATH=/home/user1/ws01_plumbing/install/base_interfaces_demo:/opt/ros/humble /usr/bin/cmake --build /home/user1/ws01_plumbing/build/cpp01_topic -- -j12 -l12
[0.435s] Invoking command in '/home/user1/ws01_plumbing/build/cpp01_topic': AMENT_PREFIX_PATH=/home/user1/ws01_plumbing/install/base_interfaces_demo:${AMENT_PREFIX_PATH} CMAKE_PREFIX_PATH=/home/user1/ws01_plumbing/install/base_interfaces_demo:/opt/ros/humble /usr/bin/cmake --install /home/user1/ws01_plumbing/build/cpp01_topic
[0.442s] -- Install configuration: ""
[0.442s] -- Up-to-date: /home/user1/ws01_plumbing/install/cpp01_topic/lib/cpp01_topic/demo01_talker_str
[0.442s] -- Up-to-date: /home/user1/ws01_plumbing/install/cpp01_topic/share/ament_index/resource_index/package_run_dependencies/cpp01_topic
[0.442s] -- Up-to-date: /home/user1/ws01_plumbing/install/cpp01_topic/share/ament_index/resource_index/parent_prefix_path/cpp01_topic
[0.443s] -- Up-to-date: /home/user1/ws01_plumbing/install/cpp01_topic/share/cpp01_topic/environment/ament_prefix_path.sh
[0.443s] -- Installing: /home/user1/ws01_plumbing/install/cpp01_topic/share/cpp01_topic/environment/ament_prefix_path.dsv
[0.443s] -- Up-to-date: /home/user1/ws01_plumbing/install/cpp01_topic/share/cpp01_topic/environment/path.sh
[0.443s] -- Installing: /home/user1/ws01_plumbing/install/cpp01_topic/share/cpp01_topic/environment/path.dsv
[0.443s] -- Up-to-date: /home/user1/ws01_plumbing/install/cpp01_topic/share/cpp01_topic/local_setup.bash
[0.443s] -- Up-to-date: /home/user1/ws01_plumbing/install/cpp01_topic/share/cpp01_topic/local_setup.sh
[0.443s] -- Up-to-date: /home/user1/ws01_plumbing/install/cpp01_topic/share/cpp01_topic/local_setup.zsh
[0.443s] -- Installing: /home/user1/ws01_plumbing/install/cpp01_topic/share/cpp01_topic/local_setup.dsv
[0.443s] -- Installing: /home/user1/ws01_plumbing/install/cpp01_topic/share/cpp01_topic/package.dsv
[0.443s] -- Up-to-date: /home/user1/ws01_plumbing/install/cpp01_topic/share/ament_index/resource_index/packages/cpp01_topic
[0.443s] -- Up-to-date: /home/user1/ws01_plumbing/install/cpp01_topic/share/cpp01_topic/cmake/cpp01_topicConfig.cmake
[0.443s] -- Up-to-date: /home/user1/ws01_plumbing/install/cpp01_topic/share/cpp01_topic/cmake/cpp01_topicConfig-version.cmake
[0.443s] -- Up-to-date: /home/user1/ws01_plumbing/install/cpp01_topic/share/cpp01_topic/package.xml
[0.445s] Invoked command in '/home/user1/ws01_plumbing/build/cpp01_topic' returned '0': AMENT_PREFIX_PATH=/home/user1/ws01_plumbing/install/base_interfaces_demo:${AMENT_PREFIX_PATH} CMAKE_PREFIX_PATH=/home/user1/ws01_plumbing/install/base_interfaces_demo:/opt/ros/humble /usr/bin/cmake --install /home/user1/ws01_plumbing/build/cpp01_topic
