[0.008s] Invoking command in '/home/user1/ws01_plumbing/build/base_interfaces_demo': CMAKE_PREFIX_PATH=${CMAKE_PREFIX_PATH}:/home/user1/ws01_plumbing/install/py01_topic:/opt/ros/humble /usr/bin/cmake --build /home/user1/ws01_plumbing/build/base_interfaces_demo -- -j12 -l12
[0.046s] Invoked command in '/home/user1/ws01_plumbing/build/base_interfaces_demo' returned '0': CMAKE_PREFIX_PATH=${CMAKE_PREFIX_PATH}:/home/user1/ws01_plumbing/install/py01_topic:/opt/ros/humble /usr/bin/cmake --build /home/user1/ws01_plumbing/build/base_interfaces_demo -- -j12 -l12
[0.056s] Invoking command in '/home/user1/ws01_plumbing/build/base_interfaces_demo': CMAKE_PREFIX_PATH=${CMAKE_PREFIX_PATH}:/home/user1/ws01_plumbing/install/py01_topic:/opt/ros/humble /usr/bin/cmake --install /home/user1/ws01_plumbing/build/base_interfaces_demo
[0.064s] -- Install configuration: ""
[0.064s] -- Up-to-date: /home/user1/ws01_plumbing/install/base_interfaces_demo/share/ament_index/resource_index/package_run_dependencies/base_interfaces_demo
[0.065s] -- Up-to-date: /home/user1/ws01_plumbing/install/base_interfaces_demo/share/ament_index/resource_index/parent_prefix_path/base_interfaces_demo
[0.065s] -- Up-to-date: /home/user1/ws01_plumbing/install/base_interfaces_demo/share/base_interfaces_demo/environment/ament_prefix_path.sh
[0.065s] -- Up-to-date: /home/user1/ws01_plumbing/install/base_interfaces_demo/share/base_interfaces_demo/environment/ament_prefix_path.dsv
[0.065s] -- Up-to-date: /home/user1/ws01_plumbing/install/base_interfaces_demo/share/base_interfaces_demo/environment/path.sh
[0.065s] -- Up-to-date: /home/user1/ws01_plumbing/install/base_interfaces_demo/share/base_interfaces_demo/environment/path.dsv
[0.065s] -- Up-to-date: /home/user1/ws01_plumbing/install/base_interfaces_demo/share/base_interfaces_demo/local_setup.bash
[0.065s] -- Up-to-date: /home/user1/ws01_plumbing/install/base_interfaces_demo/share/base_interfaces_demo/local_setup.sh
[0.065s] -- Up-to-date: /home/user1/ws01_plumbing/install/base_interfaces_demo/share/base_interfaces_demo/local_setup.zsh
[0.065s] -- Up-to-date: /home/user1/ws01_plumbing/install/base_interfaces_demo/share/base_interfaces_demo/local_setup.dsv
[0.065s] -- Installing: /home/user1/ws01_plumbing/install/base_interfaces_demo/share/base_interfaces_demo/package.dsv
[0.065s] -- Up-to-date: /home/user1/ws01_plumbing/install/base_interfaces_demo/share/ament_index/resource_index/packages/base_interfaces_demo
[0.066s] -- Up-to-date: /home/user1/ws01_plumbing/install/base_interfaces_demo/share/base_interfaces_demo/cmake/base_interfaces_demoConfig.cmake
[0.066s] -- Up-to-date: /home/user1/ws01_plumbing/install/base_interfaces_demo/share/base_interfaces_demo/cmake/base_interfaces_demoConfig-version.cmake
[0.066s] -- Up-to-date: /home/user1/ws01_plumbing/install/base_interfaces_demo/share/base_interfaces_demo/package.xml
[0.067s] Invoked command in '/home/user1/ws01_plumbing/build/base_interfaces_demo' returned '0': CMAKE_PREFIX_PATH=${CMAKE_PREFIX_PATH}:/home/user1/ws01_plumbing/install/py01_topic:/opt/ros/humble /usr/bin/cmake --install /home/user1/ws01_plumbing/build/base_interfaces_demo
