[0.008s] Invoking command in '/home/user1/ws01_plumbing/build/cpp01_topic': AMENT_PREFIX_PATH=/home/user1/ws01_plumbing/install/base_interfaces_demo:${AMENT_PREFIX_PATH} CMAKE_PREFIX_PATH=/home/user1/ws01_plumbing/install/base_interfaces_demo:/opt/ros/humble /usr/bin/cmake --build /home/user1/ws01_plumbing/build/cpp01_topic -- -j12 -l12
[0.045s] [35m[1mConsolidate compiler generated dependencies of target demo01_talker_str[0m
[0.062s] [ 50%] [32mBuilding CXX object CMakeFiles/demo01_talker_str.dir/src/demo01_talker_str.cpp.o[0m
[2.295s] [100%] [32m[1mLinking CXX executable demo01_talker_str[0m
[2.385s] [100%] Built target demo01_talker_str
[2.394s] Invoked command in '/home/user1/ws01_plumbing/build/cpp01_topic' returned '0': AMENT_PREFIX_PATH=/home/user1/ws01_plumbing/install/base_interfaces_demo:${AMENT_PREFIX_PATH} CMAKE_PREFIX_PATH=/home/user1/ws01_plumbing/install/base_interfaces_demo:/opt/ros/humble /usr/bin/cmake --build /home/user1/ws01_plumbing/build/cpp01_topic -- -j12 -l12
[2.396s] Invoking command in '/home/user1/ws01_plumbing/build/cpp01_topic': AMENT_PREFIX_PATH=/home/user1/ws01_plumbing/install/base_interfaces_demo:${AMENT_PREFIX_PATH} CMAKE_PREFIX_PATH=/home/user1/ws01_plumbing/install/base_interfaces_demo:/opt/ros/humble /usr/bin/cmake --install /home/user1/ws01_plumbing/build/cpp01_topic
[2.402s] -- Install configuration: ""
[2.402s] -- Installing: /home/user1/ws01_plumbing/install/cpp01_topic/lib/cpp01_topic/demo01_talker_str
[2.403s] -- Set runtime path of "/home/user1/ws01_plumbing/install/cpp01_topic/lib/cpp01_topic/demo01_talker_str" to ""
[2.403s] -- Up-to-date: /home/user1/ws01_plumbing/install/cpp01_topic/share/ament_index/resource_index/package_run_dependencies/cpp01_topic
[2.403s] -- Up-to-date: /home/user1/ws01_plumbing/install/cpp01_topic/share/ament_index/resource_index/parent_prefix_path/cpp01_topic
[2.403s] -- Up-to-date: /home/user1/ws01_plumbing/install/cpp01_topic/share/cpp01_topic/environment/ament_prefix_path.sh
[2.403s] -- Installing: /home/user1/ws01_plumbing/install/cpp01_topic/share/cpp01_topic/environment/ament_prefix_path.dsv
[2.403s] -- Up-to-date: /home/user1/ws01_plumbing/install/cpp01_topic/share/cpp01_topic/environment/path.sh
[2.403s] -- Installing: /home/user1/ws01_plumbing/install/cpp01_topic/share/cpp01_topic/environment/path.dsv
[2.403s] -- Up-to-date: /home/user1/ws01_plumbing/install/cpp01_topic/share/cpp01_topic/local_setup.bash
[2.403s] -- Up-to-date: /home/user1/ws01_plumbing/install/cpp01_topic/share/cpp01_topic/local_setup.sh
[2.403s] -- Up-to-date: /home/user1/ws01_plumbing/install/cpp01_topic/share/cpp01_topic/local_setup.zsh
[2.403s] -- Installing: /home/user1/ws01_plumbing/install/cpp01_topic/share/cpp01_topic/local_setup.dsv
[2.404s] -- Installing: /home/user1/ws01_plumbing/install/cpp01_topic/share/cpp01_topic/package.dsv
[2.404s] -- Up-to-date: /home/user1/ws01_plumbing/install/cpp01_topic/share/ament_index/resource_index/packages/cpp01_topic
[2.404s] -- Up-to-date: /home/user1/ws01_plumbing/install/cpp01_topic/share/cpp01_topic/cmake/cpp01_topicConfig.cmake
[2.404s] -- Up-to-date: /home/user1/ws01_plumbing/install/cpp01_topic/share/cpp01_topic/cmake/cpp01_topicConfig-version.cmake
[2.404s] -- Installing: /home/user1/ws01_plumbing/install/cpp01_topic/share/cpp01_topic/package.xml
[2.406s] Invoked command in '/home/user1/ws01_plumbing/build/cpp01_topic' returned '0': AMENT_PREFIX_PATH=/home/user1/ws01_plumbing/install/base_interfaces_demo:${AMENT_PREFIX_PATH} CMAKE_PREFIX_PATH=/home/user1/ws01_plumbing/install/base_interfaces_demo:/opt/ros/humble /usr/bin/cmake --install /home/user1/ws01_plumbing/build/cpp01_topic
