[0.190s] DEBUG:colcon:Command line arguments: ['/usr/bin/colcon', 'build', '--packages-select', 'cpp01_topic', '--event-handlers', 'console_direct+']
[0.191s] DEBUG:colcon:Parsed command line arguments: Namespace(log_base=None, log_level=None, verb_name='build', build_base='build', install_base='install', merge_install=False, symlink_install=False, test_result_base=None, continue_on_error=False, executor='parallel', parallel_workers=12, event_handlers=['console_direct+'], ignore_user_meta=False, metas=['./colcon.meta'], base_paths=['.'], packages_ignore=None, packages_ignore_regex=None, paths=None, packages_up_to=None, packages_up_to_regex=None, packages_above=None, packages_above_and_dependencies=None, packages_above_depth=None, packages_select_by_dep=None, packages_skip_by_dep=None, packages_skip_up_to=None, packages_select_build_failed=False, packages_skip_build_finished=False, packages_select_test_failures=False, packages_skip_test_passed=False, packages_select=['cpp01_topic'], packages_skip=None, packages_select_regex=None, packages_skip_regex=None, packages_start=None, packages_end=None, allow_overriding=[], cmake_args=None, cmake_target=None, cmake_target_skip_unavailable=False, cmake_clean_cache=False, cmake_clean_first=False, cmake_force_configure=False, ament_cmake_args=None, catkin_cmake_args=None, catkin_skip_building_tests=False, verb_parser=<colcon_defaults.argument_parser.defaults.DefaultArgumentsDecorator object at 0x7c5f4b31ff70>, verb_extension=<colcon_core.verb.build.BuildVerb object at 0x7c5f4b31f9d0>, main=<bound method BuildVerb.main of <colcon_core.verb.build.BuildVerb object at 0x7c5f4b31f9d0>>)
[0.468s] Level 1:colcon.colcon_core.package_discovery:discover_packages(colcon_meta) check parameters
[0.468s] Level 1:colcon.colcon_core.package_discovery:discover_packages(recursive) check parameters
[0.469s] Level 1:colcon.colcon_core.package_discovery:discover_packages(ignore) check parameters
[0.469s] Level 1:colcon.colcon_core.package_discovery:discover_packages(path) check parameters
[0.469s] Level 1:colcon.colcon_core.package_discovery:discover_packages(colcon_meta) discover
[0.469s] Level 1:colcon.colcon_core.package_discovery:discover_packages(recursive) discover
[0.469s] INFO:colcon.colcon_core.package_discovery:Crawling recursively for packages in '/home/user1/ws01_plumbing'
[0.469s] Level 1:colcon.colcon_core.package_identification:_identify(.) by extensions ['ignore', 'ignore_ament_install']
[0.469s] Level 1:colcon.colcon_core.package_identification:_identify(.) by extension 'ignore'
[0.469s] Level 1:colcon.colcon_core.package_identification:_identify(.) by extension 'ignore_ament_install'
[0.470s] Level 1:colcon.colcon_core.package_identification:_identify(.) by extensions ['colcon_pkg']
[0.470s] Level 1:colcon.colcon_core.package_identification:_identify(.) by extension 'colcon_pkg'
[0.470s] Level 1:colcon.colcon_core.package_identification:_identify(.) by extensions ['colcon_meta']
[0.470s] Level 1:colcon.colcon_core.package_identification:_identify(.) by extension 'colcon_meta'
[0.470s] Level 1:colcon.colcon_core.package_identification:_identify(.) by extensions ['ros']
[0.470s] Level 1:colcon.colcon_core.package_identification:_identify(.) by extension 'ros'
[0.489s] Level 1:colcon.colcon_core.package_identification:_identify(.) by extensions ['cmake', 'python']
[0.489s] Level 1:colcon.colcon_core.package_identification:_identify(.) by extension 'cmake'
[0.489s] Level 1:colcon.colcon_core.package_identification:_identify(.) by extension 'python'
[0.489s] Level 1:colcon.colcon_core.package_identification:_identify(.) by extensions ['python_setup_py']
[0.490s] Level 1:colcon.colcon_core.package_identification:_identify(.) by extension 'python_setup_py'
[0.490s] Level 1:colcon.colcon_core.package_identification:_identify(build) by extensions ['ignore', 'ignore_ament_install']
[0.490s] Level 1:colcon.colcon_core.package_identification:_identify(build) by extension 'ignore'
[0.490s] Level 1:colcon.colcon_core.package_identification:_identify(build) ignored
[0.490s] Level 1:colcon.colcon_core.package_identification:_identify(install) by extensions ['ignore', 'ignore_ament_install']
[0.491s] Level 1:colcon.colcon_core.package_identification:_identify(install) by extension 'ignore'
[0.491s] Level 1:colcon.colcon_core.package_identification:_identify(install) ignored
[0.491s] Level 1:colcon.colcon_core.package_identification:_identify(log) by extensions ['ignore', 'ignore_ament_install']
[0.491s] Level 1:colcon.colcon_core.package_identification:_identify(log) by extension 'ignore'
[0.491s] Level 1:colcon.colcon_core.package_identification:_identify(log) ignored
[0.491s] Level 1:colcon.colcon_core.package_identification:_identify(scripts) by extensions ['ignore', 'ignore_ament_install']
[0.491s] Level 1:colcon.colcon_core.package_identification:_identify(scripts) by extension 'ignore'
[0.491s] Level 1:colcon.colcon_core.package_identification:_identify(scripts) by extension 'ignore_ament_install'
[0.491s] Level 1:colcon.colcon_core.package_identification:_identify(scripts) by extensions ['colcon_pkg']
[0.492s] Level 1:colcon.colcon_core.package_identification:_identify(scripts) by extension 'colcon_pkg'
[0.492s] Level 1:colcon.colcon_core.package_identification:_identify(scripts) by extensions ['colcon_meta']
[0.492s] Level 1:colcon.colcon_core.package_identification:_identify(scripts) by extension 'colcon_meta'
[0.492s] Level 1:colcon.colcon_core.package_identification:_identify(scripts) by extensions ['ros']
[0.492s] Level 1:colcon.colcon_core.package_identification:_identify(scripts) by extension 'ros'
[0.492s] Level 1:colcon.colcon_core.package_identification:_identify(scripts) by extensions ['cmake', 'python']
[0.492s] Level 1:colcon.colcon_core.package_identification:_identify(scripts) by extension 'cmake'
[0.492s] Level 1:colcon.colcon_core.package_identification:_identify(scripts) by extension 'python'
[0.492s] Level 1:colcon.colcon_core.package_identification:_identify(scripts) by extensions ['python_setup_py']
[0.492s] Level 1:colcon.colcon_core.package_identification:_identify(scripts) by extension 'python_setup_py'
[0.492s] Level 1:colcon.colcon_core.package_identification:_identify(src) by extensions ['ignore', 'ignore_ament_install']
[0.493s] Level 1:colcon.colcon_core.package_identification:_identify(src) by extension 'ignore'
[0.493s] Level 1:colcon.colcon_core.package_identification:_identify(src) by extension 'ignore_ament_install'
[0.493s] Level 1:colcon.colcon_core.package_identification:_identify(src) by extensions ['colcon_pkg']
[0.493s] Level 1:colcon.colcon_core.package_identification:_identify(src) by extension 'colcon_pkg'
[0.493s] Level 1:colcon.colcon_core.package_identification:_identify(src) by extensions ['colcon_meta']
[0.493s] Level 1:colcon.colcon_core.package_identification:_identify(src) by extension 'colcon_meta'
[0.493s] Level 1:colcon.colcon_core.package_identification:_identify(src) by extensions ['ros']
[0.493s] Level 1:colcon.colcon_core.package_identification:_identify(src) by extension 'ros'
[0.493s] Level 1:colcon.colcon_core.package_identification:_identify(src) by extensions ['cmake', 'python']
[0.493s] Level 1:colcon.colcon_core.package_identification:_identify(src) by extension 'cmake'
[0.494s] Level 1:colcon.colcon_core.package_identification:_identify(src) by extension 'python'
[0.494s] Level 1:colcon.colcon_core.package_identification:_identify(src) by extensions ['python_setup_py']
[0.494s] Level 1:colcon.colcon_core.package_identification:_identify(src) by extension 'python_setup_py'
[0.494s] Level 1:colcon.colcon_core.package_identification:_identify(src/base_interfaces_demo) by extensions ['ignore', 'ignore_ament_install']
[0.494s] Level 1:colcon.colcon_core.package_identification:_identify(src/base_interfaces_demo) by extension 'ignore'
[0.494s] Level 1:colcon.colcon_core.package_identification:_identify(src/base_interfaces_demo) by extension 'ignore_ament_install'
[0.494s] Level 1:colcon.colcon_core.package_identification:_identify(src/base_interfaces_demo) by extensions ['colcon_pkg']
[0.494s] Level 1:colcon.colcon_core.package_identification:_identify(src/base_interfaces_demo) by extension 'colcon_pkg'
[0.494s] Level 1:colcon.colcon_core.package_identification:_identify(src/base_interfaces_demo) by extensions ['colcon_meta']
[0.494s] Level 1:colcon.colcon_core.package_identification:_identify(src/base_interfaces_demo) by extension 'colcon_meta'
[0.495s] Level 1:colcon.colcon_core.package_identification:_identify(src/base_interfaces_demo) by extensions ['ros']
[0.495s] Level 1:colcon.colcon_core.package_identification:_identify(src/base_interfaces_demo) by extension 'ros'
[0.499s] DEBUG:colcon.colcon_core.package_identification:Package 'src/base_interfaces_demo' with type 'ros.ament_cmake' and name 'base_interfaces_demo'
[0.499s] Level 1:colcon.colcon_core.package_identification:_identify(src/cpp01_topic) by extensions ['ignore', 'ignore_ament_install']
[0.499s] Level 1:colcon.colcon_core.package_identification:_identify(src/cpp01_topic) by extension 'ignore'
[0.499s] Level 1:colcon.colcon_core.package_identification:_identify(src/cpp01_topic) by extension 'ignore_ament_install'
[0.499s] Level 1:colcon.colcon_core.package_identification:_identify(src/cpp01_topic) by extensions ['colcon_pkg']
[0.499s] Level 1:colcon.colcon_core.package_identification:_identify(src/cpp01_topic) by extension 'colcon_pkg'
[0.500s] Level 1:colcon.colcon_core.package_identification:_identify(src/cpp01_topic) by extensions ['colcon_meta']
[0.500s] Level 1:colcon.colcon_core.package_identification:_identify(src/cpp01_topic) by extension 'colcon_meta'
[0.500s] Level 1:colcon.colcon_core.package_identification:_identify(src/cpp01_topic) by extensions ['ros']
[0.500s] Level 1:colcon.colcon_core.package_identification:_identify(src/cpp01_topic) by extension 'ros'
[0.501s] DEBUG:colcon.colcon_core.package_identification:Package 'src/cpp01_topic' with type 'ros.ament_cmake' and name 'cpp01_topic'
[0.501s] Level 1:colcon.colcon_core.package_identification:_identify(src/py01_topic) by extensions ['ignore', 'ignore_ament_install']
[0.501s] Level 1:colcon.colcon_core.package_identification:_identify(src/py01_topic) by extension 'ignore'
[0.501s] Level 1:colcon.colcon_core.package_identification:_identify(src/py01_topic) by extension 'ignore_ament_install'
[0.501s] Level 1:colcon.colcon_core.package_identification:_identify(src/py01_topic) by extensions ['colcon_pkg']
[0.502s] Level 1:colcon.colcon_core.package_identification:_identify(src/py01_topic) by extension 'colcon_pkg'
[0.502s] Level 1:colcon.colcon_core.package_identification:_identify(src/py01_topic) by extensions ['colcon_meta']
[0.502s] Level 1:colcon.colcon_core.package_identification:_identify(src/py01_topic) by extension 'colcon_meta'
[0.502s] Level 1:colcon.colcon_core.package_identification:_identify(src/py01_topic) by extensions ['ros']
[0.502s] Level 1:colcon.colcon_core.package_identification:_identify(src/py01_topic) by extension 'ros'
[0.503s] DEBUG:colcon.colcon_core.package_identification:Package 'src/py01_topic' with type 'ros.ament_python' and name 'py01_topic'
[0.503s] Level 1:colcon.colcon_core.package_discovery:discover_packages(recursive) using defaults
[0.503s] Level 1:colcon.colcon_core.package_discovery:discover_packages(ignore) discover
[0.503s] Level 1:colcon.colcon_core.package_discovery:discover_packages(ignore) using defaults
[0.503s] Level 1:colcon.colcon_core.package_discovery:discover_packages(path) discover
[0.503s] Level 1:colcon.colcon_core.package_discovery:discover_packages(path) using defaults
[0.537s] INFO:colcon.colcon_core.package_selection:Skipping not selected package 'base_interfaces_demo' in 'src/base_interfaces_demo'
[0.537s] INFO:colcon.colcon_core.package_selection:Skipping not selected package 'py01_topic' in 'src/py01_topic'
[0.538s] Level 1:colcon.colcon_core.package_discovery:discover_packages(prefix_path) check parameters
[0.538s] Level 1:colcon.colcon_core.package_discovery:discover_packages(prefix_path) discover
[0.541s] DEBUG:colcon.colcon_installed_package_information.package_discovery:Found 3 installed packages in /home/user1/ws01_plumbing/install
[0.544s] DEBUG:colcon.colcon_installed_package_information.package_discovery:Found 271 installed packages in /opt/ros/humble
[0.566s] Level 1:colcon.colcon_core.package_discovery:discover_packages(prefix_path) using defaults
[0.628s] Level 5:colcon.colcon_core.verb:set package 'cpp01_topic' build argument 'cmake_args' from command line to 'None'
[0.628s] Level 5:colcon.colcon_core.verb:set package 'cpp01_topic' build argument 'cmake_target' from command line to 'None'
[0.628s] Level 5:colcon.colcon_core.verb:set package 'cpp01_topic' build argument 'cmake_target_skip_unavailable' from command line to 'False'
[0.628s] Level 5:colcon.colcon_core.verb:set package 'cpp01_topic' build argument 'cmake_clean_cache' from command line to 'False'
[0.628s] Level 5:colcon.colcon_core.verb:set package 'cpp01_topic' build argument 'cmake_clean_first' from command line to 'False'
[0.628s] Level 5:colcon.colcon_core.verb:set package 'cpp01_topic' build argument 'cmake_force_configure' from command line to 'False'
[0.629s] Level 5:colcon.colcon_core.verb:set package 'cpp01_topic' build argument 'ament_cmake_args' from command line to 'None'
[0.629s] Level 5:colcon.colcon_core.verb:set package 'cpp01_topic' build argument 'catkin_cmake_args' from command line to 'None'
[0.629s] Level 5:colcon.colcon_core.verb:set package 'cpp01_topic' build argument 'catkin_skip_building_tests' from command line to 'False'
[0.629s] DEBUG:colcon.colcon_core.verb:Building package 'cpp01_topic' with the following arguments: {'ament_cmake_args': None, 'build_base': '/home/user1/ws01_plumbing/build/cpp01_topic', 'catkin_cmake_args': None, 'catkin_skip_building_tests': False, 'cmake_args': None, 'cmake_clean_cache': False, 'cmake_clean_first': False, 'cmake_force_configure': False, 'cmake_target': None, 'cmake_target_skip_unavailable': False, 'install_base': '/home/user1/ws01_plumbing/install/cpp01_topic', 'merge_install': False, 'path': '/home/user1/ws01_plumbing/src/cpp01_topic', 'symlink_install': False, 'test_result_base': None}
[0.629s] INFO:colcon.colcon_core.executor:Executing jobs using 'parallel' executor
[0.631s] DEBUG:colcon.colcon_parallel_executor.executor.parallel:run_until_complete
[0.631s] INFO:colcon.colcon_ros.task.ament_cmake.build:Building ROS package in '/home/user1/ws01_plumbing/src/cpp01_topic' with build type 'ament_cmake'
[0.631s] INFO:colcon.colcon_cmake.task.cmake.build:Building CMake package in '/home/user1/ws01_plumbing/src/cpp01_topic'
[0.635s] INFO:colcon.colcon_core.plugin_system:Skipping extension 'colcon_core.shell.bat': Not used on non-Windows systems
[0.635s] INFO:colcon.colcon_core.shell:Skip shell extension 'powershell' for command environment: Not usable outside of PowerShell
[0.635s] DEBUG:colcon.colcon_core.shell:Skip shell extension 'dsv' for command environment
[0.654s] DEBUG:colcon.colcon_core.event_handler.log_command:Invoking command in '/home/user1/ws01_plumbing/build/cpp01_topic': CMAKE_PREFIX_PATH=/home/user1/ws01_plumbing/install/base_interfaces_demo:/home/user1/ws01_plumbing/install/cpp01_topic:/home/user1/ws01_plumbing/install/py01_topic:/opt/ros/humble /usr/bin/cmake --build /home/user1/ws01_plumbing/build/cpp01_topic -- -j12 -l12
[14.549s] DEBUG:colcon.colcon_core.event_handler.log_command:Invoked command in '/home/user1/ws01_plumbing/build/cpp01_topic' returned '0': CMAKE_PREFIX_PATH=/home/user1/ws01_plumbing/install/base_interfaces_demo:/home/user1/ws01_plumbing/install/cpp01_topic:/home/user1/ws01_plumbing/install/py01_topic:/opt/ros/humble /usr/bin/cmake --build /home/user1/ws01_plumbing/build/cpp01_topic -- -j12 -l12
[14.570s] DEBUG:colcon.colcon_core.event_handler.log_command:Invoking command in '/home/user1/ws01_plumbing/build/cpp01_topic': CMAKE_PREFIX_PATH=/home/user1/ws01_plumbing/install/base_interfaces_demo:/home/user1/ws01_plumbing/install/cpp01_topic:/home/user1/ws01_plumbing/install/py01_topic:/opt/ros/humble /usr/bin/cmake --install /home/user1/ws01_plumbing/build/cpp01_topic
[14.597s] Level 1:colcon.colcon_core.environment:create_environment_scripts_only(cpp01_topic)
[14.598s] DEBUG:colcon.colcon_core.event_handler.log_command:Invoked command in '/home/user1/ws01_plumbing/build/cpp01_topic' returned '0': CMAKE_PREFIX_PATH=/home/user1/ws01_plumbing/install/base_interfaces_demo:/home/user1/ws01_plumbing/install/cpp01_topic:/home/user1/ws01_plumbing/install/py01_topic:/opt/ros/humble /usr/bin/cmake --install /home/user1/ws01_plumbing/build/cpp01_topic
[14.603s] Level 1:colcon.colcon_core.environment:checking '/home/user1/ws01_plumbing/install/cpp01_topic' for CMake module files
[14.603s] Level 1:colcon.colcon_core.environment:checking '/home/user1/ws01_plumbing/install/cpp01_topic' for CMake config files
[14.604s] Level 1:colcon.colcon_core.shell:create_environment_hook('cpp01_topic', 'cmake_prefix_path')
[14.604s] INFO:colcon.colcon_core.shell:Creating environment hook '/home/user1/ws01_plumbing/install/cpp01_topic/share/cpp01_topic/hook/cmake_prefix_path.ps1'
[14.606s] INFO:colcon.colcon_core.shell:Creating environment descriptor '/home/user1/ws01_plumbing/install/cpp01_topic/share/cpp01_topic/hook/cmake_prefix_path.dsv'
[14.606s] INFO:colcon.colcon_core.shell:Creating environment hook '/home/user1/ws01_plumbing/install/cpp01_topic/share/cpp01_topic/hook/cmake_prefix_path.sh'
[14.608s] Level 1:colcon.colcon_core.environment:checking '/home/user1/ws01_plumbing/install/cpp01_topic/lib'
[14.608s] Level 1:colcon.colcon_core.environment:checking '/home/user1/ws01_plumbing/install/cpp01_topic/bin'
[14.609s] Level 1:colcon.colcon_core.environment:checking '/home/user1/ws01_plumbing/install/cpp01_topic/lib/pkgconfig/cpp01_topic.pc'
[14.609s] Level 1:colcon.colcon_core.environment:checking '/home/user1/ws01_plumbing/install/cpp01_topic/lib/python3.10/site-packages'
[14.609s] Level 1:colcon.colcon_core.environment:checking '/home/user1/ws01_plumbing/install/cpp01_topic/bin'
[14.610s] INFO:colcon.colcon_core.shell:Creating package script '/home/user1/ws01_plumbing/install/cpp01_topic/share/cpp01_topic/package.ps1'
[14.611s] INFO:colcon.colcon_core.shell:Creating package descriptor '/home/user1/ws01_plumbing/install/cpp01_topic/share/cpp01_topic/package.dsv'
[14.612s] INFO:colcon.colcon_core.shell:Creating package script '/home/user1/ws01_plumbing/install/cpp01_topic/share/cpp01_topic/package.sh'
[14.613s] INFO:colcon.colcon_core.shell:Creating package script '/home/user1/ws01_plumbing/install/cpp01_topic/share/cpp01_topic/package.bash'
[14.615s] INFO:colcon.colcon_core.shell:Creating package script '/home/user1/ws01_plumbing/install/cpp01_topic/share/cpp01_topic/package.zsh'
[14.616s] Level 1:colcon.colcon_core.environment:create_file_with_runtime_dependencies(/home/user1/ws01_plumbing/install/cpp01_topic/share/colcon-core/packages/cpp01_topic)
[14.617s] Level 1:colcon.colcon_core.environment:create_environment_scripts_only(cpp01_topic)
[14.618s] Level 1:colcon.colcon_core.environment:checking '/home/user1/ws01_plumbing/install/cpp01_topic' for CMake module files
[14.618s] Level 1:colcon.colcon_core.environment:checking '/home/user1/ws01_plumbing/install/cpp01_topic' for CMake config files
[14.619s] Level 1:colcon.colcon_core.shell:create_environment_hook('cpp01_topic', 'cmake_prefix_path')
[14.619s] INFO:colcon.colcon_core.shell:Creating environment hook '/home/user1/ws01_plumbing/install/cpp01_topic/share/cpp01_topic/hook/cmake_prefix_path.ps1'
[14.620s] INFO:colcon.colcon_core.shell:Creating environment descriptor '/home/user1/ws01_plumbing/install/cpp01_topic/share/cpp01_topic/hook/cmake_prefix_path.dsv'
[14.620s] INFO:colcon.colcon_core.shell:Creating environment hook '/home/user1/ws01_plumbing/install/cpp01_topic/share/cpp01_topic/hook/cmake_prefix_path.sh'
[14.622s] Level 1:colcon.colcon_core.environment:checking '/home/user1/ws01_plumbing/install/cpp01_topic/lib'
[14.622s] Level 1:colcon.colcon_core.environment:checking '/home/user1/ws01_plumbing/install/cpp01_topic/bin'
[14.622s] Level 1:colcon.colcon_core.environment:checking '/home/user1/ws01_plumbing/install/cpp01_topic/lib/pkgconfig/cpp01_topic.pc'
[14.622s] Level 1:colcon.colcon_core.environment:checking '/home/user1/ws01_plumbing/install/cpp01_topic/lib/python3.10/site-packages'
[14.623s] Level 1:colcon.colcon_core.environment:checking '/home/user1/ws01_plumbing/install/cpp01_topic/bin'
[14.623s] INFO:colcon.colcon_core.shell:Creating package script '/home/user1/ws01_plumbing/install/cpp01_topic/share/cpp01_topic/package.ps1'
[14.624s] INFO:colcon.colcon_core.shell:Creating package descriptor '/home/user1/ws01_plumbing/install/cpp01_topic/share/cpp01_topic/package.dsv'
[14.625s] INFO:colcon.colcon_core.shell:Creating package script '/home/user1/ws01_plumbing/install/cpp01_topic/share/cpp01_topic/package.sh'
[14.626s] INFO:colcon.colcon_core.shell:Creating package script '/home/user1/ws01_plumbing/install/cpp01_topic/share/cpp01_topic/package.bash'
[14.627s] INFO:colcon.colcon_core.shell:Creating package script '/home/user1/ws01_plumbing/install/cpp01_topic/share/cpp01_topic/package.zsh'
[14.628s] Level 1:colcon.colcon_core.environment:create_file_with_runtime_dependencies(/home/user1/ws01_plumbing/install/cpp01_topic/share/colcon-core/packages/cpp01_topic)
[14.629s] DEBUG:colcon.colcon_parallel_executor.executor.parallel:closing loop
[14.629s] DEBUG:colcon.colcon_parallel_executor.executor.parallel:loop closed
[14.630s] DEBUG:colcon.colcon_parallel_executor.executor.parallel:run_until_complete finished with '0'
[14.630s] DEBUG:colcon.colcon_core.event_reactor:joining thread
[14.640s] INFO:colcon.colcon_core.plugin_system:Skipping extension 'colcon_notification.desktop_notification.terminal_notifier': Not used on non-Darwin systems
[14.640s] INFO:colcon.colcon_core.plugin_system:Skipping extension 'colcon_notification.desktop_notification.win32': Not used on non-Windows systems
[14.640s] INFO:colcon.colcon_notification.desktop_notification:Sending desktop notification using 'notify2'
[14.660s] DEBUG:colcon.colcon_core.event_reactor:joined thread
[14.661s] INFO:colcon.colcon_core.shell:Creating prefix script '/home/user1/ws01_plumbing/install/local_setup.ps1'
[14.662s] INFO:colcon.colcon_core.shell:Creating prefix util module '/home/user1/ws01_plumbing/install/_local_setup_util_ps1.py'
[14.666s] INFO:colcon.colcon_core.shell:Creating prefix chain script '/home/user1/ws01_plumbing/install/setup.ps1'
[14.668s] INFO:colcon.colcon_core.shell:Creating prefix script '/home/user1/ws01_plumbing/install/local_setup.sh'
[14.669s] INFO:colcon.colcon_core.shell:Creating prefix util module '/home/user1/ws01_plumbing/install/_local_setup_util_sh.py'
[14.670s] INFO:colcon.colcon_core.shell:Creating prefix chain script '/home/user1/ws01_plumbing/install/setup.sh'
[14.672s] INFO:colcon.colcon_core.shell:Creating prefix script '/home/user1/ws01_plumbing/install/local_setup.bash'
[14.673s] INFO:colcon.colcon_core.shell:Creating prefix chain script '/home/user1/ws01_plumbing/install/setup.bash'
[14.675s] INFO:colcon.colcon_core.shell:Creating prefix script '/home/user1/ws01_plumbing/install/local_setup.zsh'
[14.676s] INFO:colcon.colcon_core.shell:Creating prefix chain script '/home/user1/ws01_plumbing/install/setup.zsh'
