[0.011s] Invoking command in '/home/user1/ws01_plumbing/build/cpp01_topic': CMAKE_PREFIX_PATH=/home/user1/ws01_plumbing/install/base_interfaces_demo:/home/user1/ws01_plumbing/install/cpp01_topic:/home/user1/ws01_plumbing/install/py01_topic:/opt/ros/humble /usr/bin/cmake --build /home/user1/ws01_plumbing/build/cpp01_topic -- -j12 -l12
[0.049s] [35m[1mConsolidate compiler generated dependencies of target demo02_listener_str[0m
[0.062s] [ 50%] Built target demo01_talker_str
[0.065s] [ 75%] [32mBuilding CXX object CMakeFiles/demo02_listener_str.dir/src/demo02_listener_str.cpp.o[0m
[2.354s] [100%] [32m[1mLinking CXX executable demo02_listener_str[0m
[2.438s] [100%] Built target demo02_listener_str
[2.449s] Invoked command in '/home/user1/ws01_plumbing/build/cpp01_topic' returned '0': CMAKE_PREFIX_PATH=/home/user1/ws01_plumbing/install/base_interfaces_demo:/home/user1/ws01_plumbing/install/cpp01_topic:/home/user1/ws01_plumbing/install/py01_topic:/opt/ros/humble /usr/bin/cmake --build /home/user1/ws01_plumbing/build/cpp01_topic -- -j12 -l12
[2.450s] Invoking command in '/home/user1/ws01_plumbing/build/cpp01_topic': CMAKE_PREFIX_PATH=/home/user1/ws01_plumbing/install/base_interfaces_demo:/home/user1/ws01_plumbing/install/cpp01_topic:/home/user1/ws01_plumbing/install/py01_topic:/opt/ros/humble /usr/bin/cmake --install /home/user1/ws01_plumbing/build/cpp01_topic
[2.456s] -- Install configuration: ""
[2.456s] -- Installing: /home/user1/ws01_plumbing/install/cpp01_topic/lib/cpp01_topic/demo01_talker_str
[2.458s] -- Set runtime path of "/home/user1/ws01_plumbing/install/cpp01_topic/lib/cpp01_topic/demo01_talker_str" to ""
[2.458s] -- Installing: /home/user1/ws01_plumbing/install/cpp01_topic/lib/cpp01_topic/demo02_listener_str
[2.458s] -- Set runtime path of "/home/user1/ws01_plumbing/install/cpp01_topic/lib/cpp01_topic/demo02_listener_str" to ""
[2.459s] -- Up-to-date: /home/user1/ws01_plumbing/install/cpp01_topic/share/ament_index/resource_index/package_run_dependencies/cpp01_topic
[2.459s] -- Installing: /home/user1/ws01_plumbing/install/cpp01_topic/share/ament_index/resource_index/parent_prefix_path/cpp01_topic
[2.459s] -- Up-to-date: /home/user1/ws01_plumbing/install/cpp01_topic/share/cpp01_topic/environment/ament_prefix_path.sh
[2.459s] -- Installing: /home/user1/ws01_plumbing/install/cpp01_topic/share/cpp01_topic/environment/ament_prefix_path.dsv
[2.459s] -- Up-to-date: /home/user1/ws01_plumbing/install/cpp01_topic/share/cpp01_topic/environment/path.sh
[2.459s] -- Installing: /home/user1/ws01_plumbing/install/cpp01_topic/share/cpp01_topic/environment/path.dsv
[2.459s] -- Up-to-date: /home/user1/ws01_plumbing/install/cpp01_topic/share/cpp01_topic/local_setup.bash
[2.459s] -- Up-to-date: /home/user1/ws01_plumbing/install/cpp01_topic/share/cpp01_topic/local_setup.sh
[2.459s] -- Up-to-date: /home/user1/ws01_plumbing/install/cpp01_topic/share/cpp01_topic/local_setup.zsh
[2.459s] -- Installing: /home/user1/ws01_plumbing/install/cpp01_topic/share/cpp01_topic/local_setup.dsv
[2.459s] -- Installing: /home/user1/ws01_plumbing/install/cpp01_topic/share/cpp01_topic/package.dsv
[2.460s] -- Up-to-date: /home/user1/ws01_plumbing/install/cpp01_topic/share/ament_index/resource_index/packages/cpp01_topic
[2.460s] -- Up-to-date: /home/user1/ws01_plumbing/install/cpp01_topic/share/cpp01_topic/cmake/cpp01_topicConfig.cmake
[2.460s] -- Up-to-date: /home/user1/ws01_plumbing/install/cpp01_topic/share/cpp01_topic/cmake/cpp01_topicConfig-version.cmake
[2.460s] -- Up-to-date: /home/user1/ws01_plumbing/install/cpp01_topic/share/cpp01_topic/package.xml
[2.461s] Invoked command in '/home/user1/ws01_plumbing/build/cpp01_topic' returned '0': CMAKE_PREFIX_PATH=/home/user1/ws01_plumbing/install/base_interfaces_demo:/home/user1/ws01_plumbing/install/cpp01_topic:/home/user1/ws01_plumbing/install/py01_topic:/opt/ros/humble /usr/bin/cmake --install /home/user1/ws01_plumbing/build/cpp01_topic
