[0.081s] DEBUG:colcon:Command line arguments: ['/usr/bin/colcon', 'build']
[0.081s] DEBUG:colcon:Parsed command line arguments: Namespace(log_base=None, log_level=None, verb_name='build', build_base='build', install_base='install', merge_install=False, symlink_install=False, test_result_base=None, continue_on_error=False, executor='parallel', parallel_workers=12, event_handlers=None, ignore_user_meta=False, metas=['./colcon.meta'], base_paths=['.'], packages_ignore=None, packages_ignore_regex=None, paths=None, packages_up_to=None, packages_up_to_regex=None, packages_above=None, packages_above_and_dependencies=None, packages_above_depth=None, packages_select_by_dep=None, packages_skip_by_dep=None, packages_skip_up_to=None, packages_select_build_failed=False, packages_skip_build_finished=False, packages_select_test_failures=False, packages_skip_test_passed=False, packages_select=None, packages_skip=None, packages_select_regex=None, packages_skip_regex=None, packages_start=None, packages_end=None, allow_overriding=[], cmake_args=None, cmake_target=None, cmake_target_skip_unavailable=False, cmake_clean_cache=False, cmake_clean_first=False, cmake_force_configure=False, ament_cmake_args=None, catkin_cmake_args=None, catkin_skip_building_tests=False, verb_parser=<colcon_defaults.argument_parser.defaults.DefaultArgumentsDecorator object at 0x7694aac1ff40>, verb_extension=<colcon_core.verb.build.BuildVerb object at 0x7694aac1f9a0>, main=<bound method BuildVerb.main of <colcon_core.verb.build.BuildVerb object at 0x7694aac1f9a0>>)
[0.198s] Level 1:colcon.colcon_core.package_discovery:discover_packages(colcon_meta) check parameters
[0.198s] Level 1:colcon.colcon_core.package_discovery:discover_packages(recursive) check parameters
[0.198s] Level 1:colcon.colcon_core.package_discovery:discover_packages(ignore) check parameters
[0.198s] Level 1:colcon.colcon_core.package_discovery:discover_packages(path) check parameters
[0.198s] Level 1:colcon.colcon_core.package_discovery:discover_packages(colcon_meta) discover
[0.198s] Level 1:colcon.colcon_core.package_discovery:discover_packages(recursive) discover
[0.198s] INFO:colcon.colcon_core.package_discovery:Crawling recursively for packages in '/home/user1/ws01_plumbing'
[0.198s] Level 1:colcon.colcon_core.package_identification:_identify(.) by extensions ['ignore', 'ignore_ament_install']
[0.198s] Level 1:colcon.colcon_core.package_identification:_identify(.) by extension 'ignore'
[0.198s] Level 1:colcon.colcon_core.package_identification:_identify(.) by extension 'ignore_ament_install'
[0.198s] Level 1:colcon.colcon_core.package_identification:_identify(.) by extensions ['colcon_pkg']
[0.198s] Level 1:colcon.colcon_core.package_identification:_identify(.) by extension 'colcon_pkg'
[0.198s] Level 1:colcon.colcon_core.package_identification:_identify(.) by extensions ['colcon_meta']
[0.198s] Level 1:colcon.colcon_core.package_identification:_identify(.) by extension 'colcon_meta'
[0.198s] Level 1:colcon.colcon_core.package_identification:_identify(.) by extensions ['ros']
[0.198s] Level 1:colcon.colcon_core.package_identification:_identify(.) by extension 'ros'
[0.207s] Level 1:colcon.colcon_core.package_identification:_identify(.) by extensions ['cmake', 'python']
[0.207s] Level 1:colcon.colcon_core.package_identification:_identify(.) by extension 'cmake'
[0.207s] Level 1:colcon.colcon_core.package_identification:_identify(.) by extension 'python'
[0.207s] Level 1:colcon.colcon_core.package_identification:_identify(.) by extensions ['python_setup_py']
[0.207s] Level 1:colcon.colcon_core.package_identification:_identify(.) by extension 'python_setup_py'
[0.207s] Level 1:colcon.colcon_core.package_identification:_identify(build) by extensions ['ignore', 'ignore_ament_install']
[0.207s] Level 1:colcon.colcon_core.package_identification:_identify(build) by extension 'ignore'
[0.207s] Level 1:colcon.colcon_core.package_identification:_identify(build) ignored
[0.208s] Level 1:colcon.colcon_core.package_identification:_identify(install) by extensions ['ignore', 'ignore_ament_install']
[0.208s] Level 1:colcon.colcon_core.package_identification:_identify(install) by extension 'ignore'
[0.208s] Level 1:colcon.colcon_core.package_identification:_identify(install) ignored
[0.208s] Level 1:colcon.colcon_core.package_identification:_identify(log) by extensions ['ignore', 'ignore_ament_install']
[0.208s] Level 1:colcon.colcon_core.package_identification:_identify(log) by extension 'ignore'
[0.208s] Level 1:colcon.colcon_core.package_identification:_identify(log) ignored
[0.208s] Level 1:colcon.colcon_core.package_identification:_identify(scripts) by extensions ['ignore', 'ignore_ament_install']
[0.208s] Level 1:colcon.colcon_core.package_identification:_identify(scripts) by extension 'ignore'
[0.208s] Level 1:colcon.colcon_core.package_identification:_identify(scripts) by extension 'ignore_ament_install'
[0.208s] Level 1:colcon.colcon_core.package_identification:_identify(scripts) by extensions ['colcon_pkg']
[0.208s] Level 1:colcon.colcon_core.package_identification:_identify(scripts) by extension 'colcon_pkg'
[0.208s] Level 1:colcon.colcon_core.package_identification:_identify(scripts) by extensions ['colcon_meta']
[0.208s] Level 1:colcon.colcon_core.package_identification:_identify(scripts) by extension 'colcon_meta'
[0.209s] Level 1:colcon.colcon_core.package_identification:_identify(scripts) by extensions ['ros']
[0.209s] Level 1:colcon.colcon_core.package_identification:_identify(scripts) by extension 'ros'
[0.209s] Level 1:colcon.colcon_core.package_identification:_identify(scripts) by extensions ['cmake', 'python']
[0.209s] Level 1:colcon.colcon_core.package_identification:_identify(scripts) by extension 'cmake'
[0.209s] Level 1:colcon.colcon_core.package_identification:_identify(scripts) by extension 'python'
[0.209s] Level 1:colcon.colcon_core.package_identification:_identify(scripts) by extensions ['python_setup_py']
[0.209s] Level 1:colcon.colcon_core.package_identification:_identify(scripts) by extension 'python_setup_py'
[0.209s] Level 1:colcon.colcon_core.package_identification:_identify(src) by extensions ['ignore', 'ignore_ament_install']
[0.209s] Level 1:colcon.colcon_core.package_identification:_identify(src) by extension 'ignore'
[0.209s] Level 1:colcon.colcon_core.package_identification:_identify(src) by extension 'ignore_ament_install'
[0.209s] Level 1:colcon.colcon_core.package_identification:_identify(src) by extensions ['colcon_pkg']
[0.209s] Level 1:colcon.colcon_core.package_identification:_identify(src) by extension 'colcon_pkg'
[0.209s] Level 1:colcon.colcon_core.package_identification:_identify(src) by extensions ['colcon_meta']
[0.209s] Level 1:colcon.colcon_core.package_identification:_identify(src) by extension 'colcon_meta'
[0.209s] Level 1:colcon.colcon_core.package_identification:_identify(src) by extensions ['ros']
[0.209s] Level 1:colcon.colcon_core.package_identification:_identify(src) by extension 'ros'
[0.209s] Level 1:colcon.colcon_core.package_identification:_identify(src) by extensions ['cmake', 'python']
[0.209s] Level 1:colcon.colcon_core.package_identification:_identify(src) by extension 'cmake'
[0.209s] Level 1:colcon.colcon_core.package_identification:_identify(src) by extension 'python'
[0.209s] Level 1:colcon.colcon_core.package_identification:_identify(src) by extensions ['python_setup_py']
[0.209s] Level 1:colcon.colcon_core.package_identification:_identify(src) by extension 'python_setup_py'
[0.209s] Level 1:colcon.colcon_core.package_identification:_identify(src/base_interfaces_demo) by extensions ['ignore', 'ignore_ament_install']
[0.209s] Level 1:colcon.colcon_core.package_identification:_identify(src/base_interfaces_demo) by extension 'ignore'
[0.209s] Level 1:colcon.colcon_core.package_identification:_identify(src/base_interfaces_demo) by extension 'ignore_ament_install'
[0.209s] Level 1:colcon.colcon_core.package_identification:_identify(src/base_interfaces_demo) by extensions ['colcon_pkg']
[0.209s] Level 1:colcon.colcon_core.package_identification:_identify(src/base_interfaces_demo) by extension 'colcon_pkg'
[0.210s] Level 1:colcon.colcon_core.package_identification:_identify(src/base_interfaces_demo) by extensions ['colcon_meta']
[0.210s] Level 1:colcon.colcon_core.package_identification:_identify(src/base_interfaces_demo) by extension 'colcon_meta'
[0.210s] Level 1:colcon.colcon_core.package_identification:_identify(src/base_interfaces_demo) by extensions ['ros']
[0.210s] Level 1:colcon.colcon_core.package_identification:_identify(src/base_interfaces_demo) by extension 'ros'
[0.211s] DEBUG:colcon.colcon_core.package_identification:Package 'src/base_interfaces_demo' with type 'ros.ament_cmake' and name 'base_interfaces_demo'
[0.211s] Level 1:colcon.colcon_core.package_identification:_identify(src/cpp01_topic) by extensions ['ignore', 'ignore_ament_install']
[0.212s] Level 1:colcon.colcon_core.package_identification:_identify(src/cpp01_topic) by extension 'ignore'
[0.212s] Level 1:colcon.colcon_core.package_identification:_identify(src/cpp01_topic) by extension 'ignore_ament_install'
[0.212s] Level 1:colcon.colcon_core.package_identification:_identify(src/cpp01_topic) by extensions ['colcon_pkg']
[0.212s] Level 1:colcon.colcon_core.package_identification:_identify(src/cpp01_topic) by extension 'colcon_pkg'
[0.212s] Level 1:colcon.colcon_core.package_identification:_identify(src/cpp01_topic) by extensions ['colcon_meta']
[0.212s] Level 1:colcon.colcon_core.package_identification:_identify(src/cpp01_topic) by extension 'colcon_meta'
[0.212s] Level 1:colcon.colcon_core.package_identification:_identify(src/cpp01_topic) by extensions ['ros']
[0.212s] Level 1:colcon.colcon_core.package_identification:_identify(src/cpp01_topic) by extension 'ros'
[0.212s] DEBUG:colcon.colcon_core.package_identification:Package 'src/cpp01_topic' with type 'ros.ament_cmake' and name 'cpp01_topic'
[0.212s] Level 1:colcon.colcon_core.package_identification:_identify(src/py01_topic) by extensions ['ignore', 'ignore_ament_install']
[0.212s] Level 1:colcon.colcon_core.package_identification:_identify(src/py01_topic) by extension 'ignore'
[0.212s] Level 1:colcon.colcon_core.package_identification:_identify(src/py01_topic) by extension 'ignore_ament_install'
[0.212s] Level 1:colcon.colcon_core.package_identification:_identify(src/py01_topic) by extensions ['colcon_pkg']
[0.212s] Level 1:colcon.colcon_core.package_identification:_identify(src/py01_topic) by extension 'colcon_pkg'
[0.213s] Level 1:colcon.colcon_core.package_identification:_identify(src/py01_topic) by extensions ['colcon_meta']
[0.213s] Level 1:colcon.colcon_core.package_identification:_identify(src/py01_topic) by extension 'colcon_meta'
[0.213s] Level 1:colcon.colcon_core.package_identification:_identify(src/py01_topic) by extensions ['ros']
[0.213s] Level 1:colcon.colcon_core.package_identification:_identify(src/py01_topic) by extension 'ros'
[0.213s] DEBUG:colcon.colcon_core.package_identification:Package 'src/py01_topic' with type 'ros.ament_python' and name 'py01_topic'
[0.213s] Level 1:colcon.colcon_core.package_discovery:discover_packages(recursive) using defaults
[0.213s] Level 1:colcon.colcon_core.package_discovery:discover_packages(ignore) discover
[0.213s] Level 1:colcon.colcon_core.package_discovery:discover_packages(ignore) using defaults
[0.213s] Level 1:colcon.colcon_core.package_discovery:discover_packages(path) discover
[0.213s] Level 1:colcon.colcon_core.package_discovery:discover_packages(path) using defaults
[0.228s] Level 1:colcon.colcon_core.package_discovery:discover_packages(prefix_path) check parameters
[0.228s] Level 1:colcon.colcon_core.package_discovery:discover_packages(prefix_path) discover
[0.229s] DEBUG:colcon.colcon_installed_package_information.package_discovery:Found 3 installed packages in /home/user1/ws01_plumbing/install
[0.230s] DEBUG:colcon.colcon_installed_package_information.package_discovery:Found 271 installed packages in /opt/ros/humble
[0.241s] Level 1:colcon.colcon_core.package_discovery:discover_packages(prefix_path) using defaults
[0.269s] Level 5:colcon.colcon_core.verb:set package 'base_interfaces_demo' build argument 'cmake_args' from command line to 'None'
[0.269s] Level 5:colcon.colcon_core.verb:set package 'base_interfaces_demo' build argument 'cmake_target' from command line to 'None'
[0.269s] Level 5:colcon.colcon_core.verb:set package 'base_interfaces_demo' build argument 'cmake_target_skip_unavailable' from command line to 'False'
[0.269s] Level 5:colcon.colcon_core.verb:set package 'base_interfaces_demo' build argument 'cmake_clean_cache' from command line to 'False'
[0.269s] Level 5:colcon.colcon_core.verb:set package 'base_interfaces_demo' build argument 'cmake_clean_first' from command line to 'False'
[0.269s] Level 5:colcon.colcon_core.verb:set package 'base_interfaces_demo' build argument 'cmake_force_configure' from command line to 'False'
[0.269s] Level 5:colcon.colcon_core.verb:set package 'base_interfaces_demo' build argument 'ament_cmake_args' from command line to 'None'
[0.269s] Level 5:colcon.colcon_core.verb:set package 'base_interfaces_demo' build argument 'catkin_cmake_args' from command line to 'None'
[0.269s] Level 5:colcon.colcon_core.verb:set package 'base_interfaces_demo' build argument 'catkin_skip_building_tests' from command line to 'False'
[0.269s] DEBUG:colcon.colcon_core.verb:Building package 'base_interfaces_demo' with the following arguments: {'ament_cmake_args': None, 'build_base': '/home/user1/ws01_plumbing/build/base_interfaces_demo', 'catkin_cmake_args': None, 'catkin_skip_building_tests': False, 'cmake_args': None, 'cmake_clean_cache': False, 'cmake_clean_first': False, 'cmake_force_configure': False, 'cmake_target': None, 'cmake_target_skip_unavailable': False, 'install_base': '/home/user1/ws01_plumbing/install/base_interfaces_demo', 'merge_install': False, 'path': '/home/user1/ws01_plumbing/src/base_interfaces_demo', 'symlink_install': False, 'test_result_base': None}
[0.269s] Level 5:colcon.colcon_core.verb:set package 'cpp01_topic' build argument 'cmake_args' from command line to 'None'
[0.270s] Level 5:colcon.colcon_core.verb:set package 'cpp01_topic' build argument 'cmake_target' from command line to 'None'
[0.270s] Level 5:colcon.colcon_core.verb:set package 'cpp01_topic' build argument 'cmake_target_skip_unavailable' from command line to 'False'
[0.270s] Level 5:colcon.colcon_core.verb:set package 'cpp01_topic' build argument 'cmake_clean_cache' from command line to 'False'
[0.270s] Level 5:colcon.colcon_core.verb:set package 'cpp01_topic' build argument 'cmake_clean_first' from command line to 'False'
[0.270s] Level 5:colcon.colcon_core.verb:set package 'cpp01_topic' build argument 'cmake_force_configure' from command line to 'False'
[0.270s] Level 5:colcon.colcon_core.verb:set package 'cpp01_topic' build argument 'ament_cmake_args' from command line to 'None'
[0.270s] Level 5:colcon.colcon_core.verb:set package 'cpp01_topic' build argument 'catkin_cmake_args' from command line to 'None'
[0.270s] Level 5:colcon.colcon_core.verb:set package 'cpp01_topic' build argument 'catkin_skip_building_tests' from command line to 'False'
[0.270s] DEBUG:colcon.colcon_core.verb:Building package 'cpp01_topic' with the following arguments: {'ament_cmake_args': None, 'build_base': '/home/user1/ws01_plumbing/build/cpp01_topic', 'catkin_cmake_args': None, 'catkin_skip_building_tests': False, 'cmake_args': None, 'cmake_clean_cache': False, 'cmake_clean_first': False, 'cmake_force_configure': False, 'cmake_target': None, 'cmake_target_skip_unavailable': False, 'install_base': '/home/user1/ws01_plumbing/install/cpp01_topic', 'merge_install': False, 'path': '/home/user1/ws01_plumbing/src/cpp01_topic', 'symlink_install': False, 'test_result_base': None}
[0.270s] Level 5:colcon.colcon_core.verb:set package 'py01_topic' build argument 'cmake_args' from command line to 'None'
[0.270s] Level 5:colcon.colcon_core.verb:set package 'py01_topic' build argument 'cmake_target' from command line to 'None'
[0.270s] Level 5:colcon.colcon_core.verb:set package 'py01_topic' build argument 'cmake_target_skip_unavailable' from command line to 'False'
[0.270s] Level 5:colcon.colcon_core.verb:set package 'py01_topic' build argument 'cmake_clean_cache' from command line to 'False'
[0.270s] Level 5:colcon.colcon_core.verb:set package 'py01_topic' build argument 'cmake_clean_first' from command line to 'False'
[0.270s] Level 5:colcon.colcon_core.verb:set package 'py01_topic' build argument 'cmake_force_configure' from command line to 'False'
[0.270s] Level 5:colcon.colcon_core.verb:set package 'py01_topic' build argument 'ament_cmake_args' from command line to 'None'
[0.270s] Level 5:colcon.colcon_core.verb:set package 'py01_topic' build argument 'catkin_cmake_args' from command line to 'None'
[0.270s] Level 5:colcon.colcon_core.verb:set package 'py01_topic' build argument 'catkin_skip_building_tests' from command line to 'False'
[0.270s] DEBUG:colcon.colcon_core.verb:Building package 'py01_topic' with the following arguments: {'ament_cmake_args': None, 'build_base': '/home/user1/ws01_plumbing/build/py01_topic', 'catkin_cmake_args': None, 'catkin_skip_building_tests': False, 'cmake_args': None, 'cmake_clean_cache': False, 'cmake_clean_first': False, 'cmake_force_configure': False, 'cmake_target': None, 'cmake_target_skip_unavailable': False, 'install_base': '/home/user1/ws01_plumbing/install/py01_topic', 'merge_install': False, 'path': '/home/user1/ws01_plumbing/src/py01_topic', 'symlink_install': False, 'test_result_base': None}
[0.270s] INFO:colcon.colcon_core.executor:Executing jobs using 'parallel' executor
[0.271s] DEBUG:colcon.colcon_parallel_executor.executor.parallel:run_until_complete
[0.271s] INFO:colcon.colcon_ros.task.ament_cmake.build:Building ROS package in '/home/user1/ws01_plumbing/src/base_interfaces_demo' with build type 'ament_cmake'
[0.271s] INFO:colcon.colcon_cmake.task.cmake.build:Building CMake package in '/home/user1/ws01_plumbing/src/base_interfaces_demo'
[0.273s] INFO:colcon.colcon_core.plugin_system:Skipping extension 'colcon_core.shell.bat': Not used on non-Windows systems
[0.273s] INFO:colcon.colcon_core.shell:Skip shell extension 'powershell' for command environment: Not usable outside of PowerShell
[0.273s] DEBUG:colcon.colcon_core.shell:Skip shell extension 'dsv' for command environment
[0.280s] DEBUG:colcon.colcon_core.event_handler.log_command:Invoking command in '/home/user1/ws01_plumbing/build/base_interfaces_demo': CMAKE_PREFIX_PATH=${CMAKE_PREFIX_PATH}:/home/user1/ws01_plumbing/install/py01_topic:/opt/ros/humble /usr/bin/cmake --build /home/user1/ws01_plumbing/build/base_interfaces_demo -- -j12 -l12
[0.318s] DEBUG:colcon.colcon_core.event_handler.log_command:Invoked command in '/home/user1/ws01_plumbing/build/base_interfaces_demo' returned '0': CMAKE_PREFIX_PATH=${CMAKE_PREFIX_PATH}:/home/user1/ws01_plumbing/install/py01_topic:/opt/ros/humble /usr/bin/cmake --build /home/user1/ws01_plumbing/build/base_interfaces_demo -- -j12 -l12
[0.328s] DEBUG:colcon.colcon_core.event_handler.log_command:Invoking command in '/home/user1/ws01_plumbing/build/base_interfaces_demo': CMAKE_PREFIX_PATH=${CMAKE_PREFIX_PATH}:/home/user1/ws01_plumbing/install/py01_topic:/opt/ros/humble /usr/bin/cmake --install /home/user1/ws01_plumbing/build/base_interfaces_demo
[0.339s] Level 1:colcon.colcon_core.environment:create_environment_scripts_only(base_interfaces_demo)
[0.339s] DEBUG:colcon.colcon_core.event_handler.log_command:Invoked command in '/home/user1/ws01_plumbing/build/base_interfaces_demo' returned '0': CMAKE_PREFIX_PATH=${CMAKE_PREFIX_PATH}:/home/user1/ws01_plumbing/install/py01_topic:/opt/ros/humble /usr/bin/cmake --install /home/user1/ws01_plumbing/build/base_interfaces_demo
[0.341s] Level 1:colcon.colcon_core.environment:checking '/home/user1/ws01_plumbing/install/base_interfaces_demo' for CMake module files
[0.341s] Level 1:colcon.colcon_core.environment:checking '/home/user1/ws01_plumbing/install/base_interfaces_demo' for CMake config files
[0.341s] Level 1:colcon.colcon_core.shell:create_environment_hook('base_interfaces_demo', 'cmake_prefix_path')
[0.342s] INFO:colcon.colcon_core.shell:Creating environment hook '/home/user1/ws01_plumbing/install/base_interfaces_demo/share/base_interfaces_demo/hook/cmake_prefix_path.ps1'
[0.342s] INFO:colcon.colcon_core.shell:Creating environment descriptor '/home/user1/ws01_plumbing/install/base_interfaces_demo/share/base_interfaces_demo/hook/cmake_prefix_path.dsv'
[0.343s] INFO:colcon.colcon_core.shell:Creating environment hook '/home/user1/ws01_plumbing/install/base_interfaces_demo/share/base_interfaces_demo/hook/cmake_prefix_path.sh'
[0.343s] Level 1:colcon.colcon_core.environment:checking '/home/user1/ws01_plumbing/install/base_interfaces_demo/bin'
[0.343s] Level 1:colcon.colcon_core.environment:checking '/home/user1/ws01_plumbing/install/base_interfaces_demo/lib/pkgconfig/base_interfaces_demo.pc'
[0.344s] Level 1:colcon.colcon_core.environment:checking '/home/user1/ws01_plumbing/install/base_interfaces_demo/lib/python3.10/site-packages'
[0.344s] Level 1:colcon.colcon_core.environment:checking '/home/user1/ws01_plumbing/install/base_interfaces_demo/bin'
[0.344s] INFO:colcon.colcon_core.shell:Creating package script '/home/user1/ws01_plumbing/install/base_interfaces_demo/share/base_interfaces_demo/package.ps1'
[0.344s] INFO:colcon.colcon_core.shell:Creating package descriptor '/home/user1/ws01_plumbing/install/base_interfaces_demo/share/base_interfaces_demo/package.dsv'
[0.345s] INFO:colcon.colcon_core.shell:Creating package script '/home/user1/ws01_plumbing/install/base_interfaces_demo/share/base_interfaces_demo/package.sh'
[0.345s] INFO:colcon.colcon_core.shell:Creating package script '/home/user1/ws01_plumbing/install/base_interfaces_demo/share/base_interfaces_demo/package.bash'
[0.346s] INFO:colcon.colcon_core.shell:Creating package script '/home/user1/ws01_plumbing/install/base_interfaces_demo/share/base_interfaces_demo/package.zsh'
[0.346s] Level 1:colcon.colcon_core.environment:create_file_with_runtime_dependencies(/home/user1/ws01_plumbing/install/base_interfaces_demo/share/colcon-core/packages/base_interfaces_demo)
[0.347s] Level 1:colcon.colcon_core.environment:create_environment_scripts_only(base_interfaces_demo)
[0.347s] Level 1:colcon.colcon_core.environment:checking '/home/user1/ws01_plumbing/install/base_interfaces_demo' for CMake module files
[0.347s] Level 1:colcon.colcon_core.environment:checking '/home/user1/ws01_plumbing/install/base_interfaces_demo' for CMake config files
[0.347s] Level 1:colcon.colcon_core.shell:create_environment_hook('base_interfaces_demo', 'cmake_prefix_path')
[0.348s] INFO:colcon.colcon_core.shell:Creating environment hook '/home/user1/ws01_plumbing/install/base_interfaces_demo/share/base_interfaces_demo/hook/cmake_prefix_path.ps1'
[0.348s] INFO:colcon.colcon_core.shell:Creating environment descriptor '/home/user1/ws01_plumbing/install/base_interfaces_demo/share/base_interfaces_demo/hook/cmake_prefix_path.dsv'
[0.348s] INFO:colcon.colcon_core.shell:Creating environment hook '/home/user1/ws01_plumbing/install/base_interfaces_demo/share/base_interfaces_demo/hook/cmake_prefix_path.sh'
[0.349s] Level 1:colcon.colcon_core.environment:checking '/home/user1/ws01_plumbing/install/base_interfaces_demo/bin'
[0.349s] Level 1:colcon.colcon_core.environment:checking '/home/user1/ws01_plumbing/install/base_interfaces_demo/lib/pkgconfig/base_interfaces_demo.pc'
[0.349s] Level 1:colcon.colcon_core.environment:checking '/home/user1/ws01_plumbing/install/base_interfaces_demo/lib/python3.10/site-packages'
[0.349s] Level 1:colcon.colcon_core.environment:checking '/home/user1/ws01_plumbing/install/base_interfaces_demo/bin'
[0.349s] INFO:colcon.colcon_core.shell:Creating package script '/home/user1/ws01_plumbing/install/base_interfaces_demo/share/base_interfaces_demo/package.ps1'
[0.350s] INFO:colcon.colcon_core.shell:Creating package descriptor '/home/user1/ws01_plumbing/install/base_interfaces_demo/share/base_interfaces_demo/package.dsv'
[0.350s] INFO:colcon.colcon_core.shell:Creating package script '/home/user1/ws01_plumbing/install/base_interfaces_demo/share/base_interfaces_demo/package.sh'
[0.350s] INFO:colcon.colcon_core.shell:Creating package script '/home/user1/ws01_plumbing/install/base_interfaces_demo/share/base_interfaces_demo/package.bash'
[0.351s] INFO:colcon.colcon_core.shell:Creating package script '/home/user1/ws01_plumbing/install/base_interfaces_demo/share/base_interfaces_demo/package.zsh'
[0.351s] Level 1:colcon.colcon_core.environment:create_file_with_runtime_dependencies(/home/user1/ws01_plumbing/install/base_interfaces_demo/share/colcon-core/packages/base_interfaces_demo)
[0.351s] INFO:colcon.colcon_ros.task.ament_cmake.build:Building ROS package in '/home/user1/ws01_plumbing/src/cpp01_topic' with build type 'ament_cmake'
[0.351s] INFO:colcon.colcon_cmake.task.cmake.build:Building CMake package in '/home/user1/ws01_plumbing/src/cpp01_topic'
[0.352s] INFO:colcon.colcon_core.shell:Skip shell extension 'powershell' for command environment: Not usable outside of PowerShell
[0.352s] DEBUG:colcon.colcon_core.shell:Skip shell extension 'dsv' for command environment
[0.356s] INFO:colcon.colcon_ros.task.ament_python.build:Building ROS package in '/home/user1/ws01_plumbing/src/py01_topic' with build type 'ament_python'
[0.356s] Level 1:colcon.colcon_core.shell:create_environment_hook('py01_topic', 'ament_prefix_path')
[0.356s] INFO:colcon.colcon_core.shell:Creating environment hook '/home/user1/ws01_plumbing/install/py01_topic/share/py01_topic/hook/ament_prefix_path.ps1'
[0.357s] INFO:colcon.colcon_core.shell:Creating environment descriptor '/home/user1/ws01_plumbing/install/py01_topic/share/py01_topic/hook/ament_prefix_path.dsv'
[0.357s] INFO:colcon.colcon_core.shell:Creating environment hook '/home/user1/ws01_plumbing/install/py01_topic/share/py01_topic/hook/ament_prefix_path.sh'
[0.357s] INFO:colcon.colcon_core.shell:Skip shell extension 'powershell' for command environment: Not usable outside of PowerShell
[0.357s] DEBUG:colcon.colcon_core.shell:Skip shell extension 'dsv' for command environment
[0.365s] DEBUG:colcon.colcon_core.event_handler.log_command:Invoking command in '/home/user1/ws01_plumbing/build/cpp01_topic': CMAKE_PREFIX_PATH=/home/user1/ws01_plumbing/install/base_interfaces_demo:/home/user1/ws01_plumbing/install/cpp01_topic:/home/user1/ws01_plumbing/install/py01_topic:/opt/ros/humble /usr/bin/cmake --build /home/user1/ws01_plumbing/build/cpp01_topic -- -j12 -l12
[0.568s] INFO:colcon.colcon_core.task.python.build:Building Python package in '/home/user1/ws01_plumbing/src/py01_topic'
[0.568s] INFO:colcon.colcon_core.shell:Skip shell extension 'powershell' for command environment: Not usable outside of PowerShell
[0.568s] DEBUG:colcon.colcon_core.shell:Skip shell extension 'dsv' for command environment
[0.886s] DEBUG:colcon.colcon_core.event_handler.log_command:Invoking command in '/home/user1/ws01_plumbing/src/py01_topic': CMAKE_PREFIX_PATH=/home/user1/ws01_plumbing/install/base_interfaces_demo:/home/user1/ws01_plumbing/install/cpp01_topic PYTHONPATH=/home/user1/ws01_plumbing/build/py01_topic/prefix_override:/usr/lib/python3/dist-packages/colcon_core/task/python/colcon_distutils_commands:/home/user1/ws01_plumbing/install/py01_topic/lib/python3.10/site-packages:${PYTHONPATH} /usr/bin/python3 -W ignore:setup.py install is deprecated -W ignore:easy_install command is deprecated setup.py egg_info --egg-base ../../build/py01_topic build --build-base /home/user1/ws01_plumbing/build/py01_topic/build install --record /home/user1/ws01_plumbing/build/py01_topic/install.log --single-version-externally-managed install_data
[1.227s] Level 1:colcon.colcon_core.environment:checking '/home/user1/ws01_plumbing/install/py01_topic' for CMake module files
[1.229s] Level 1:colcon.colcon_core.environment:checking '/home/user1/ws01_plumbing/install/py01_topic' for CMake config files
[1.229s] Level 1:colcon.colcon_core.environment:checking '/home/user1/ws01_plumbing/install/py01_topic/lib'
[1.228s] DEBUG:colcon.colcon_core.event_handler.log_command:Invoked command in '/home/user1/ws01_plumbing/src/py01_topic' returned '0': CMAKE_PREFIX_PATH=/home/user1/ws01_plumbing/install/base_interfaces_demo:/home/user1/ws01_plumbing/install/cpp01_topic PYTHONPATH=/home/user1/ws01_plumbing/build/py01_topic/prefix_override:/usr/lib/python3/dist-packages/colcon_core/task/python/colcon_distutils_commands:/home/user1/ws01_plumbing/install/py01_topic/lib/python3.10/site-packages:${PYTHONPATH} /usr/bin/python3 -W ignore:setup.py install is deprecated -W ignore:easy_install command is deprecated setup.py egg_info --egg-base ../../build/py01_topic build --build-base /home/user1/ws01_plumbing/build/py01_topic/build install --record /home/user1/ws01_plumbing/build/py01_topic/install.log --single-version-externally-managed install_data
[1.230s] Level 1:colcon.colcon_core.environment:checking '/home/user1/ws01_plumbing/install/py01_topic/bin'
[1.230s] Level 1:colcon.colcon_core.environment:checking '/home/user1/ws01_plumbing/install/py01_topic/lib/pkgconfig/py01_topic.pc'
[1.230s] Level 1:colcon.colcon_core.environment:checking '/home/user1/ws01_plumbing/install/py01_topic/lib/python3.10/site-packages'
[1.231s] Level 1:colcon.colcon_core.shell:create_environment_hook('py01_topic', 'pythonpath')
[1.231s] INFO:colcon.colcon_core.shell:Creating environment hook '/home/user1/ws01_plumbing/install/py01_topic/share/py01_topic/hook/pythonpath.ps1'
[1.232s] INFO:colcon.colcon_core.shell:Creating environment descriptor '/home/user1/ws01_plumbing/install/py01_topic/share/py01_topic/hook/pythonpath.dsv'
[1.232s] INFO:colcon.colcon_core.shell:Creating environment hook '/home/user1/ws01_plumbing/install/py01_topic/share/py01_topic/hook/pythonpath.sh'
[1.233s] Level 1:colcon.colcon_core.environment:checking '/home/user1/ws01_plumbing/install/py01_topic/bin'
[1.233s] Level 1:colcon.colcon_core.environment:create_environment_scripts_only(py01_topic)
[1.233s] INFO:colcon.colcon_core.shell:Creating package script '/home/user1/ws01_plumbing/install/py01_topic/share/py01_topic/package.ps1'
[1.234s] INFO:colcon.colcon_core.shell:Creating package descriptor '/home/user1/ws01_plumbing/install/py01_topic/share/py01_topic/package.dsv'
[1.235s] INFO:colcon.colcon_core.shell:Creating package script '/home/user1/ws01_plumbing/install/py01_topic/share/py01_topic/package.sh'
[1.235s] INFO:colcon.colcon_core.shell:Creating package script '/home/user1/ws01_plumbing/install/py01_topic/share/py01_topic/package.bash'
[1.236s] INFO:colcon.colcon_core.shell:Creating package script '/home/user1/ws01_plumbing/install/py01_topic/share/py01_topic/package.zsh'
[1.236s] Level 1:colcon.colcon_core.environment:create_file_with_runtime_dependencies(/home/user1/ws01_plumbing/install/py01_topic/share/colcon-core/packages/py01_topic)
[4.932s] DEBUG:colcon.colcon_core.event_handler.log_command:Invoked command in '/home/user1/ws01_plumbing/build/cpp01_topic' returned '2': CMAKE_PREFIX_PATH=/home/user1/ws01_plumbing/install/base_interfaces_demo:/home/user1/ws01_plumbing/install/cpp01_topic:/home/user1/ws01_plumbing/install/py01_topic:/opt/ros/humble /usr/bin/cmake --build /home/user1/ws01_plumbing/build/cpp01_topic -- -j12 -l12
[4.932s] Level 1:colcon.colcon_core.environment:create_environment_scripts_only(cpp01_topic)
[4.932s] Level 1:colcon.colcon_core.environment:checking '/home/user1/ws01_plumbing/install/cpp01_topic' for CMake module files
[4.933s] Level 1:colcon.colcon_core.environment:checking '/home/user1/ws01_plumbing/install/cpp01_topic' for CMake config files
[4.933s] Level 1:colcon.colcon_core.shell:create_environment_hook('cpp01_topic', 'cmake_prefix_path')
[4.933s] INFO:colcon.colcon_core.shell:Creating environment hook '/home/user1/ws01_plumbing/install/cpp01_topic/share/cpp01_topic/hook/cmake_prefix_path.ps1'
[4.934s] INFO:colcon.colcon_core.shell:Creating environment descriptor '/home/user1/ws01_plumbing/install/cpp01_topic/share/cpp01_topic/hook/cmake_prefix_path.dsv'
[4.934s] INFO:colcon.colcon_core.shell:Creating environment hook '/home/user1/ws01_plumbing/install/cpp01_topic/share/cpp01_topic/hook/cmake_prefix_path.sh'
[4.934s] Level 1:colcon.colcon_core.environment:checking '/home/user1/ws01_plumbing/install/cpp01_topic/lib'
[4.934s] Level 1:colcon.colcon_core.environment:checking '/home/user1/ws01_plumbing/install/cpp01_topic/bin'
[4.934s] Level 1:colcon.colcon_core.environment:checking '/home/user1/ws01_plumbing/install/cpp01_topic/lib/pkgconfig/cpp01_topic.pc'
[4.935s] Level 1:colcon.colcon_core.environment:checking '/home/user1/ws01_plumbing/install/cpp01_topic/lib/python3.10/site-packages'
[4.935s] Level 1:colcon.colcon_core.environment:checking '/home/user1/ws01_plumbing/install/cpp01_topic/bin'
[4.935s] INFO:colcon.colcon_core.shell:Creating package script '/home/user1/ws01_plumbing/install/cpp01_topic/share/cpp01_topic/package.ps1'
[4.935s] INFO:colcon.colcon_core.shell:Creating package descriptor '/home/user1/ws01_plumbing/install/cpp01_topic/share/cpp01_topic/package.dsv'
[4.936s] INFO:colcon.colcon_core.shell:Creating package script '/home/user1/ws01_plumbing/install/cpp01_topic/share/cpp01_topic/package.sh'
[4.936s] INFO:colcon.colcon_core.shell:Creating package script '/home/user1/ws01_plumbing/install/cpp01_topic/share/cpp01_topic/package.bash'
[4.936s] INFO:colcon.colcon_core.shell:Creating package script '/home/user1/ws01_plumbing/install/cpp01_topic/share/cpp01_topic/package.zsh'
[4.937s] Level 1:colcon.colcon_core.environment:create_file_with_runtime_dependencies(/home/user1/ws01_plumbing/install/cpp01_topic/share/colcon-core/packages/cpp01_topic)
[4.947s] DEBUG:colcon.colcon_parallel_executor.executor.parallel:closing loop
[4.947s] DEBUG:colcon.colcon_parallel_executor.executor.parallel:loop closed
[4.948s] DEBUG:colcon.colcon_parallel_executor.executor.parallel:run_until_complete finished with '2'
[4.948s] DEBUG:colcon.colcon_core.event_reactor:joining thread
[4.953s] INFO:colcon.colcon_core.plugin_system:Skipping extension 'colcon_notification.desktop_notification.terminal_notifier': Not used on non-Darwin systems
[4.953s] INFO:colcon.colcon_core.plugin_system:Skipping extension 'colcon_notification.desktop_notification.win32': Not used on non-Windows systems
[4.953s] INFO:colcon.colcon_notification.desktop_notification:Sending desktop notification using 'notify2'
[4.964s] DEBUG:colcon.colcon_core.event_reactor:joined thread
[4.964s] INFO:colcon.colcon_core.shell:Creating prefix script '/home/user1/ws01_plumbing/install/local_setup.ps1'
[4.965s] INFO:colcon.colcon_core.shell:Creating prefix util module '/home/user1/ws01_plumbing/install/_local_setup_util_ps1.py'
[4.966s] INFO:colcon.colcon_core.shell:Creating prefix chain script '/home/user1/ws01_plumbing/install/setup.ps1'
[4.967s] INFO:colcon.colcon_core.shell:Creating prefix script '/home/user1/ws01_plumbing/install/local_setup.sh'
[4.968s] INFO:colcon.colcon_core.shell:Creating prefix util module '/home/user1/ws01_plumbing/install/_local_setup_util_sh.py'
[4.968s] INFO:colcon.colcon_core.shell:Creating prefix chain script '/home/user1/ws01_plumbing/install/setup.sh'
[4.969s] INFO:colcon.colcon_core.shell:Creating prefix script '/home/user1/ws01_plumbing/install/local_setup.bash'
[4.970s] INFO:colcon.colcon_core.shell:Creating prefix chain script '/home/user1/ws01_plumbing/install/setup.bash'
[4.970s] INFO:colcon.colcon_core.shell:Creating prefix script '/home/user1/ws01_plumbing/install/local_setup.zsh'
[4.971s] INFO:colcon.colcon_core.shell:Creating prefix chain script '/home/user1/ws01_plumbing/install/setup.zsh'
